[ 2017-09-12T17:18:14+08:00 ] 127.0.0.1 /index.php/Home/Index/jiaApiAjax.html
INFO: [ app_begin ] --START--
INFO: Run Behavior\ReadHtmlCacheBehavior [ RunTime:0.003000s ]
INFO: [ app_begin ] --END-- [ RunTime:0.004000s ]
NOTIC: [8] Undefined index: page G:\xcm.party\Application\Home\Controller\IndexController.class.php 第 108 行.
SQL: SHOW COLUMNS FROM `jia_api` [ RunTime:0.0540s ]
SQL: SELECT * FROM `jia_api` LIMIT 1,10   [ RunTime:0.0090s ]

[ 2017-09-12T17:18:21+08:00 ] 127.0.0.1 /index.php/Home/Index/jiaApiAjax.html
INFO: [ app_begin ] --START--
INFO: Run Behavior\ReadHtmlCacheBehavior [ RunTime:0.001000s ]
INFO: [ app_begin ] --END-- [ RunTime:0.003000s ]
NOTIC: [8] Undefined index: page G:\xcm.party\Application\Home\Controller\IndexController.class.php 第 108 行.
SQL: SHOW COLUMNS FROM `jia_api` [ RunTime:0.0040s ]
SQL: SELECT * FROM `jia_api` LIMIT 1,10   [ RunTime:0.0010s ]

[ 2017-09-12T17:18:57+08:00 ] 127.0.0.1 /index.php/Home/Index/jiaApiAjax.html
INFO: [ app_begin ] --START--
INFO: Run Behavior\ReadHtmlCacheBehavior [ RunTime:0.001000s ]
INFO: [ app_begin ] --END-- [ RunTime:0.003000s ]
NOTIC: [8] Undefined index: page G:\xcm.party\Application\Home\Controller\IndexController.class.php 第 108 行.
SQL: SHOW COLUMNS FROM `jia_api` [ RunTime:0.0060s ]
SQL: SELECT * FROM `jia_api` LIMIT 1,10   [ RunTime:0.0020s ]

[ 2017-09-12T17:18:58+08:00 ] 127.0.0.1 /index.php/Home/Index/jiaApiAjax.html
INFO: [ app_begin ] --START--
INFO: Run Behavior\ReadHtmlCacheBehavior [ RunTime:0.001000s ]
INFO: [ app_begin ] --END-- [ RunTime:0.002000s ]
NOTIC: [8] Undefined index: page G:\xcm.party\Application\Home\Controller\IndexController.class.php 第 108 行.
SQL: SHOW COLUMNS FROM `jia_api` [ RunTime:0.0040s ]
SQL: SELECT * FROM `jia_api` LIMIT 1,10   [ RunTime:0.0010s ]

[ 2017-09-12T17:18:58+08:00 ] 127.0.0.1 /index.php/Home/Index/jiaApiAjax.html
INFO: [ app_begin ] --START--
INFO: Run Behavior\ReadHtmlCacheBehavior [ RunTime:0.001000s ]
INFO: [ app_begin ] --END-- [ RunTime:0.003000s ]
NOTIC: [8] Undefined index: page G:\xcm.party\Application\Home\Controller\IndexController.class.php 第 108 行.
SQL: SHOW COLUMNS FROM `jia_api` [ RunTime:0.0060s ]
SQL: SELECT * FROM `jia_api` LIMIT 1,10   [ RunTime:0.0020s ]

[ 2017-09-12T17:18:59+08:00 ] 127.0.0.1 /index.php/Home/Index/jiaApiAjax.html
INFO: [ app_begin ] --START--
INFO: Run Behavior\ReadHtmlCacheBehavior [ RunTime:0.001000s ]
INFO: [ app_begin ] --END-- [ RunTime:0.002000s ]
NOTIC: [8] Undefined index: page G:\xcm.party\Application\Home\Controller\IndexController.class.php 第 108 行.
SQL: SHOW COLUMNS FROM `jia_api` [ RunTime:0.0040s ]
SQL: SELECT * FROM `jia_api` LIMIT 1,10   [ RunTime:0.0000s ]

[ 2017-09-12T17:18:59+08:00 ] 127.0.0.1 /index.php/Home/Index/jiaApiAjax.html
INFO: [ app_begin ] --START--
INFO: Run Behavior\ReadHtmlCacheBehavior [ RunTime:0.002000s ]
INFO: [ app_begin ] --END-- [ RunTime:0.003000s ]
NOTIC: [8] Undefined index: page G:\xcm.party\Application\Home\Controller\IndexController.class.php 第 108 行.
SQL: SHOW COLUMNS FROM `jia_api` [ RunTime:0.0040s ]
SQL: SELECT * FROM `jia_api` LIMIT 1,10   [ RunTime:0.0020s ]

[ 2017-09-12T17:19:33+08:00 ] 127.0.0.1 /index.php/Home/Index/jiaApiAjax.html
INFO: [ app_begin ] --START--
INFO: Run Behavior\ReadHtmlCacheBehavior [ RunTime:0.003000s ]
INFO: [ app_begin ] --END-- [ RunTime:0.004000s ]
NOTIC: [8] Undefined index: page G:\xcm.party\Application\Home\Controller\IndexController.class.php 第 108 行.
SQL: SHOW COLUMNS FROM `jia_api` [ RunTime:0.0050s ]
SQL: SELECT * FROM `jia_api` LIMIT 1,10   [ RunTime:0.0010s ]

[ 2017-09-12T17:21:50+08:00 ] 127.0.0.1 /index.php/Home/Index/jiaApiAjax.html
INFO: [ app_begin ] --START--
INFO: Run Behavior\ReadHtmlCacheBehavior [ RunTime:0.002000s ]
INFO: [ app_begin ] --END-- [ RunTime:0.005000s ]
NOTIC: [8] Undefined index: page G:\xcm.party\Application\Home\Controller\IndexController.class.php 第 108 行.
SQL: SHOW COLUMNS FROM `jia_api` [ RunTime:0.0090s ]
SQL: SELECT * FROM `jia_api` LIMIT 1,10   [ RunTime:0.0010s ]

[ 2017-09-12T17:21:51+08:00 ] 127.0.0.1 /index.php/Home/Index/jiaApiAjax.html
INFO: [ app_begin ] --START--
INFO: Run Behavior\ReadHtmlCacheBehavior [ RunTime:0.001000s ]
INFO: [ app_begin ] --END-- [ RunTime:0.001000s ]
NOTIC: [8] Undefined index: page G:\xcm.party\Application\Home\Controller\IndexController.class.php 第 108 行.
SQL: SHOW COLUMNS FROM `jia_api` [ RunTime:0.0040s ]
SQL: SELECT * FROM `jia_api` LIMIT 1,10   [ RunTime:0.0010s ]

[ 2017-09-12T17:21:51+08:00 ] 127.0.0.1 /index.php/Home/Index/jiaApiAjax.html
INFO: [ app_begin ] --START--
INFO: Run Behavior\ReadHtmlCacheBehavior [ RunTime:0.001000s ]
INFO: [ app_begin ] --END-- [ RunTime:0.002000s ]
NOTIC: [8] Undefined index: page G:\xcm.party\Application\Home\Controller\IndexController.class.php 第 108 行.
SQL: SHOW COLUMNS FROM `jia_api` [ RunTime:0.0060s ]
SQL: SELECT * FROM `jia_api` LIMIT 1,10   [ RunTime:0.0010s ]

[ 2017-09-12T17:28:18+08:00 ] 127.0.0.1 /index.php/Home/Index/jiaApiAjax.html
INFO: [ app_begin ] --START--
INFO: Run Behavior\ReadHtmlCacheBehavior [ RunTime:0.003000s ]
INFO: [ app_begin ] --END-- [ RunTime:0.007000s ]
NOTIC: [8] Undefined index: page G:\xcm.party\Application\Home\Controller\IndexController.class.php 第 108 行.
SQL: SHOW COLUMNS FROM `jia_api` [ RunTime:0.0110s ]
SQL: SELECT * FROM `jia_api` LIMIT 1,10   [ RunTime:0.0020s ]

[ 2017-09-12T17:28:19+08:00 ] 127.0.0.1 /index.php/Home/Index/jiaApiAjax.html
INFO: [ app_begin ] --START--
INFO: Run Behavior\ReadHtmlCacheBehavior [ RunTime:0.001000s ]
INFO: [ app_begin ] --END-- [ RunTime:0.002000s ]
NOTIC: [8] Undefined index: page G:\xcm.party\Application\Home\Controller\IndexController.class.php 第 108 行.
SQL: SHOW COLUMNS FROM `jia_api` [ RunTime:0.0040s ]
SQL: SELECT * FROM `jia_api` LIMIT 1,10   [ RunTime:0.0010s ]

[ 2017-09-12T17:28:20+08:00 ] 127.0.0.1 /index.php/Home/Index/jiaApiAjax.html
INFO: [ app_begin ] --START--
INFO: Run Behavior\ReadHtmlCacheBehavior [ RunTime:0.000000s ]
INFO: [ app_begin ] --END-- [ RunTime:0.002000s ]
NOTIC: [8] Undefined index: page G:\xcm.party\Application\Home\Controller\IndexController.class.php 第 108 行.
SQL: SHOW COLUMNS FROM `jia_api` [ RunTime:0.0050s ]
SQL: SELECT * FROM `jia_api` LIMIT 1,10   [ RunTime:0.0010s ]

[ 2017-09-12T17:28:20+08:00 ] 127.0.0.1 /index.php/Home/Index/jiaApiAjax.html
INFO: [ app_begin ] --START--
INFO: Run Behavior\ReadHtmlCacheBehavior [ RunTime:0.002000s ]
INFO: [ app_begin ] --END-- [ RunTime:0.002000s ]
NOTIC: [8] Undefined index: page G:\xcm.party\Application\Home\Controller\IndexController.class.php 第 108 行.
SQL: SHOW COLUMNS FROM `jia_api` [ RunTime:0.0040s ]
SQL: SELECT * FROM `jia_api` LIMIT 1,10   [ RunTime:0.0010s ]

[ 2017-09-12T17:28:21+08:00 ] 127.0.0.1 /index.php/Home/Index/jiaApiAjax.html
INFO: [ app_begin ] --START--
INFO: Run Behavior\ReadHtmlCacheBehavior [ RunTime:0.001000s ]
INFO: [ app_begin ] --END-- [ RunTime:0.003000s ]
NOTIC: [8] Undefined index: page G:\xcm.party\Application\Home\Controller\IndexController.class.php 第 108 行.
SQL: SHOW COLUMNS FROM `jia_api` [ RunTime:0.0040s ]
SQL: SELECT * FROM `jia_api` LIMIT 1,10   [ RunTime:0.0020s ]

[ 2017-09-12T17:28:21+08:00 ] 127.0.0.1 /index.php/Home/Index/jiaApiAjax.html
INFO: [ app_begin ] --START--
INFO: Run Behavior\ReadHtmlCacheBehavior [ RunTime:0.000000s ]
INFO: [ app_begin ] --END-- [ RunTime:0.002000s ]
NOTIC: [8] Undefined index: page G:\xcm.party\Application\Home\Controller\IndexController.class.php 第 108 行.
SQL: SHOW COLUMNS FROM `jia_api` [ RunTime:0.0040s ]
SQL: SELECT * FROM `jia_api` LIMIT 1,10   [ RunTime:0.0010s ]

[ 2017-09-12T17:31:07+08:00 ] 127.0.0.1 /index.php/Home/Index/jiaApiAjax.html
INFO: [ app_begin ] --START--
INFO: Run Behavior\ReadHtmlCacheBehavior [ RunTime:0.002000s ]
INFO: [ app_begin ] --END-- [ RunTime:0.003000s ]
NOTIC: [8] Undefined index: page G:\xcm.party\Application\Home\Controller\IndexController.class.php 第 108 行.
SQL: SHOW COLUMNS FROM `jia_api` [ RunTime:0.0050s ]
SQL: SELECT * FROM `jia_api` LIMIT 1,10   [ RunTime:0.0010s ]

[ 2017-09-12T17:31:07+08:00 ] 127.0.0.1 /index.php/Home/Index/jiaApiAjax.html
INFO: [ app_begin ] --START--
INFO: Run Behavior\ReadHtmlCacheBehavior [ RunTime:0.000000s ]
INFO: [ app_begin ] --END-- [ RunTime:0.002000s ]
NOTIC: [8] Undefined index: page G:\xcm.party\Application\Home\Controller\IndexController.class.php 第 108 行.
SQL: SHOW COLUMNS FROM `jia_api` [ RunTime:0.0060s ]
SQL: SELECT * FROM `jia_api` LIMIT 1,10   [ RunTime:0.0010s ]

[ 2017-09-12T17:31:08+08:00 ] 127.0.0.1 /index.php/Home/Index/jiaApiAjax.html
INFO: [ app_begin ] --START--
INFO: Run Behavior\ReadHtmlCacheBehavior [ RunTime:0.004000s ]
INFO: [ app_begin ] --END-- [ RunTime:0.006000s ]
NOTIC: [8] Undefined index: page G:\xcm.party\Application\Home\Controller\IndexController.class.php 第 108 行.
SQL: SHOW COLUMNS FROM `jia_api` [ RunTime:0.0030s ]
SQL: SELECT * FROM `jia_api` LIMIT 1,10   [ RunTime:0.0010s ]

[ 2017-09-12T17:31:11+08:00 ] 127.0.0.1 /index.php/Home/Index/jiaApiAjax.html
INFO: [ app_begin ] --START--
INFO: Run Behavior\ReadHtmlCacheBehavior [ RunTime:0.000000s ]
INFO: [ app_begin ] --END-- [ RunTime:0.002000s ]
NOTIC: [8] Undefined index: page G:\xcm.party\Application\Home\Controller\IndexController.class.php 第 108 行.
SQL: SHOW COLUMNS FROM `jia_api` [ RunTime:0.0050s ]
SQL: SELECT * FROM `jia_api` LIMIT 1,10   [ RunTime:0.0030s ]

[ 2017-09-12T17:31:12+08:00 ] 127.0.0.1 /index.php/Home/Index/jiaApiAjax.html
INFO: [ app_begin ] --START--
INFO: Run Behavior\ReadHtmlCacheBehavior [ RunTime:0.001000s ]
INFO: [ app_begin ] --END-- [ RunTime:0.002000s ]
NOTIC: [8] Undefined index: page G:\xcm.party\Application\Home\Controller\IndexController.class.php 第 108 行.
SQL: SHOW COLUMNS FROM `jia_api` [ RunTime:0.0060s ]
SQL: SELECT * FROM `jia_api` LIMIT 1,10   [ RunTime:0.0010s ]

[ 2017-09-12T17:31:12+08:00 ] 127.0.0.1 /index.php/Home/Index/jiaApiAjax.html
INFO: [ app_begin ] --START--
INFO: Run Behavior\ReadHtmlCacheBehavior [ RunTime:0.001000s ]
INFO: [ app_begin ] --END-- [ RunTime:0.002000s ]
NOTIC: [8] Undefined index: page G:\xcm.party\Application\Home\Controller\IndexController.class.php 第 108 行.
SQL: SHOW COLUMNS FROM `jia_api` [ RunTime:0.0070s ]
SQL: SELECT * FROM `jia_api` LIMIT 1,10   [ RunTime:0.0010s ]

[ 2017-09-12T17:31:13+08:00 ] 127.0.0.1 /index.php/Home/Index/jiaApiAjax.html
INFO: [ app_begin ] --START--
INFO: Run Behavior\ReadHtmlCacheBehavior [ RunTime:0.001000s ]
INFO: [ app_begin ] --END-- [ RunTime:0.001000s ]
NOTIC: [8] Undefined index: page G:\xcm.party\Application\Home\Controller\IndexController.class.php 第 108 行.
SQL: SHOW COLUMNS FROM `jia_api` [ RunTime:0.0040s ]
SQL: SELECT * FROM `jia_api` LIMIT 1,10   [ RunTime:0.0010s ]

[ 2017-09-12T17:32:32+08:00 ] 127.0.0.1 /index.php/Home/Index/jiaApiAjax.html
INFO: [ app_begin ] --START--
INFO: Run Behavior\ReadHtmlCacheBehavior [ RunTime:0.000000s ]
INFO: [ app_begin ] --END-- [ RunTime:0.002000s ]
NOTIC: [8] Undefined index: page G:\xcm.party\Application\Home\Controller\IndexController.class.php 第 108 行.
SQL: SHOW COLUMNS FROM `jia_api` [ RunTime:0.0040s ]
SQL: SELECT * FROM `jia_api` LIMIT 1,10   [ RunTime:0.0010s ]

[ 2017-09-12T17:34:36+08:00 ] 127.0.0.1 /index.php/Home/Index/jiaApiAjax.html
INFO: [ app_begin ] --START--
INFO: Run Behavior\ReadHtmlCacheBehavior [ RunTime:0.003000s ]
INFO: [ app_begin ] --END-- [ RunTime:0.004000s ]
NOTIC: [8] Undefined index: page G:\xcm.party\Application\Home\Controller\IndexController.class.php 第 108 行.
SQL: SHOW COLUMNS FROM `jia_api` [ RunTime:0.0090s ]
SQL: SELECT * FROM `jia_api` LIMIT 1,10   [ RunTime:0.0050s ]

[ 2017-09-12T17:34:37+08:00 ] 127.0.0.1 /index.php/Home/Index/jiaApiAjax.html
INFO: [ app_begin ] --START--
INFO: Run Behavior\ReadHtmlCacheBehavior [ RunTime:0.001000s ]
INFO: [ app_begin ] --END-- [ RunTime:0.003000s ]
NOTIC: [8] Undefined index: page G:\xcm.party\Application\Home\Controller\IndexController.class.php 第 108 行.
SQL: SHOW COLUMNS FROM `jia_api` [ RunTime:0.0050s ]
SQL: SELECT * FROM `jia_api` LIMIT 1,10   [ RunTime:0.0020s ]

[ 2017-09-12T17:39:52+08:00 ] 127.0.0.1 /index.php/Home/Index/jiaApiAjax.html
NOTIC: [8] Undefined index: page G:\xcm.party\Application\Home\Controller\IndexController.class.php 第 108 行.
SQL: SELECT * FROM `jia_api` LIMIT 1,10   [ RunTime:0.0010s ]

[ 2017-09-12T17:39:53+08:00 ] 127.0.0.1 /index.php/Home/Index/jiaApiAjax.html
NOTIC: [8] Undefined index: page G:\xcm.party\Application\Home\Controller\IndexController.class.php 第 108 行.
SQL: SELECT * FROM `jia_api` LIMIT 1,10   [ RunTime:0.0010s ]

[ 2017-09-12T17:39:55+08:00 ] 127.0.0.1 /index.php/Home/Index/jiaApiAjax.html
NOTIC: [8] Undefined index: page G:\xcm.party\Application\Home\Controller\IndexController.class.php 第 108 行.
SQL: SELECT * FROM `jia_api` LIMIT 1,10   [ RunTime:0.0010s ]

