[ 2017-04-25T11:10:26+08:00 ] 127.0.0.1 /index.php/Home/Index/login.html
INFO: [ app_begin ] --START--
INFO: Run Behavior\ReadHtmlCacheBehavior [ RunTime:0.001000s ]
INFO: [ app_begin ] --END-- [ RunTime:0.003000s ]
SQL: SHOW COLUMNS FROM `user` [ RunTime:0.0300s ]
SQL: SELECT * FROM `user` WHERE ( name="15681184550" and pass="e4da3b7fbbce2345d7772b0674a318d5" ) LIMIT 1   [ RunTime:0.0000s ]

[ 2017-04-25T11:10:35+08:00 ] 127.0.0.1 /index.php/Home/Index/login.html
INFO: [ app_begin ] --START--
INFO: Run Behavior\ReadHtmlCacheBehavior [ RunTime:0.001000s ]
INFO: [ app_begin ] --END-- [ RunTime:0.002000s ]
SQL: SHOW COLUMNS FROM `user` [ RunTime:0.0040s ]
SQL: SELECT * FROM `user` WHERE ( name="15681184550" and pass="15de21c670ae7c3f6f3f1f37029303c9" ) LIMIT 1   [ RunTime:0.0010s ]

[ 2017-04-25T11:10:41+08:00 ] 127.0.0.1 /index.php/Home/Index/login.html
INFO: [ app_begin ] --START--
INFO: Run Behavior\ReadHtmlCacheBehavior [ RunTime:0.001000s ]
INFO: [ app_begin ] --END-- [ RunTime:0.002000s ]
SQL: SHOW COLUMNS FROM `user` [ RunTime:0.0030s ]
SQL: SELECT * FROM `user` WHERE ( name="xcm" and pass="15de21c670ae7c3f6f3f1f37029303c9" ) LIMIT 1   [ RunTime:0.0000s ]

[ 2017-04-25T11:10:46+08:00 ] 127.0.0.1 /index.php/Home/Index/login.html
INFO: [ app_begin ] --START--
INFO: Run Behavior\ReadHtmlCacheBehavior [ RunTime:0.001000s ]
INFO: [ app_begin ] --END-- [ RunTime:0.002000s ]
SQL: SHOW COLUMNS FROM `user` [ RunTime:0.0030s ]
SQL: SELECT * FROM `user` WHERE ( name="xcm" and pass="e4da3b7fbbce2345d7772b0674a318d5" ) LIMIT 1   [ RunTime:0.0000s ]

[ 2017-04-25T11:10:55+08:00 ] 127.0.0.1 /index.php/Home/Index/saveZan.html
INFO: [ app_begin ] --START--
INFO: Run Behavior\ReadHtmlCacheBehavior [ RunTime:0.000000s ]
INFO: [ app_begin ] --END-- [ RunTime:0.001000s ]
SQL: SHOW COLUMNS FROM `user` [ RunTime:0.0040s ]
SQL: SELECT `name` FROM `user` WHERE ( id=7 ) LIMIT 1   [ RunTime:0.0000s ]
SQL: SHOW COLUMNS FROM `knowledge` [ RunTime:0.0040s ]
SQL: SELECT * FROM `knowledge` WHERE ( id=7 ) LIMIT 1   [ RunTime:0.0010s ]
SQL: UPDATE `knowledge` SET `zan_member_name`='谭军##xcm',`zan_member_id`='10##7' WHERE ( id=7 ) [ RunTime:0.0010s ]
INFO: [ app_end ] --START--
INFO: Run Behavior\ShowPageTraceBehavior [ RunTime:0.000000s ]
INFO: [ app_end ] --END-- [ RunTime:0.001000s ]

[ 2017-04-25T11:10:57+08:00 ] 127.0.0.1 /index.php/Home/Index/jianZan.html
INFO: [ app_begin ] --START--
INFO: Run Behavior\ReadHtmlCacheBehavior [ RunTime:0.000000s ]
INFO: [ app_begin ] --END-- [ RunTime:0.002000s ]
SQL: SHOW COLUMNS FROM `knowledge` [ RunTime:0.0030s ]
SQL: SELECT * FROM `knowledge` WHERE ( id=7 ) LIMIT 1   [ RunTime:0.0010s ]
NOTIC: [8] Undefined offset: 1 G:\xcm.party\Application\Home\Controller\IndexController.class.php 第 395 行.
SQL: UPDATE `knowledge` SET `zan_member_id`='10',`zan_member_name`='谭军##xcm' WHERE ( id=7 ) [ RunTime:0.0010s ]
INFO: [ app_end ] --START--
INFO: Run Behavior\ShowPageTraceBehavior [ RunTime:0.001000s ]
INFO: [ app_end ] --END-- [ RunTime:0.001000s ]

[ 2017-04-25T11:10:58+08:00 ] 127.0.0.1 /index.php/Home/Index/saveZan.html
INFO: [ app_begin ] --START--
INFO: Run Behavior\ReadHtmlCacheBehavior [ RunTime:0.000000s ]
INFO: [ app_begin ] --END-- [ RunTime:0.001000s ]
SQL: SHOW COLUMNS FROM `user` [ RunTime:0.0030s ]
SQL: SELECT `name` FROM `user` WHERE ( id=7 ) LIMIT 1   [ RunTime:0.0000s ]
SQL: SHOW COLUMNS FROM `knowledge` [ RunTime:0.0030s ]
SQL: SELECT * FROM `knowledge` WHERE ( id=7 ) LIMIT 1   [ RunTime:0.0000s ]
SQL: UPDATE `knowledge` SET `zan_member_name`='谭军##xcm##xcm',`zan_member_id`='10##7' WHERE ( id=7 ) [ RunTime:0.0010s ]
INFO: [ app_end ] --START--
INFO: Run Behavior\ShowPageTraceBehavior [ RunTime:0.001000s ]
INFO: [ app_end ] --END-- [ RunTime:0.001000s ]

[ 2017-04-25T11:10:58+08:00 ] 127.0.0.1 /index.php/Home/Index/jianZan.html
INFO: [ app_begin ] --START--
INFO: Run Behavior\ReadHtmlCacheBehavior [ RunTime:0.000000s ]
INFO: [ app_begin ] --END-- [ RunTime:0.002000s ]
SQL: SHOW COLUMNS FROM `knowledge` [ RunTime:0.0030s ]
SQL: SELECT * FROM `knowledge` WHERE ( id=7 ) LIMIT 1   [ RunTime:0.0000s ]
NOTIC: [8] Undefined offset: 1 G:\xcm.party\Application\Home\Controller\IndexController.class.php 第 395 行.
NOTIC: [8] Undefined offset: 1 G:\xcm.party\Application\Home\Controller\IndexController.class.php 第 395 行.
SQL: UPDATE `knowledge` SET `zan_member_id`='10',`zan_member_name`='谭军##xcm##xcm' WHERE ( id=7 ) [ RunTime:0.0010s ]
INFO: [ app_end ] --START--
INFO: Run Behavior\ShowPageTraceBehavior [ RunTime:0.001000s ]
INFO: [ app_end ] --END-- [ RunTime:0.001000s ]

[ 2017-04-25T11:10:59+08:00 ] 127.0.0.1 /index.php/Home/Index/saveZan.html
INFO: [ app_begin ] --START--
INFO: Run Behavior\ReadHtmlCacheBehavior [ RunTime:0.001000s ]
INFO: [ app_begin ] --END-- [ RunTime:0.002000s ]
SQL: SHOW COLUMNS FROM `user` [ RunTime:0.0030s ]
SQL: SELECT `name` FROM `user` WHERE ( id=7 ) LIMIT 1   [ RunTime:0.0000s ]
SQL: SHOW COLUMNS FROM `knowledge` [ RunTime:0.0030s ]
SQL: SELECT * FROM `knowledge` WHERE ( id=7 ) LIMIT 1   [ RunTime:0.0000s ]
SQL: UPDATE `knowledge` SET `zan_member_name`='谭军##xcm##xcm##xcm',`zan_member_id`='10##7' WHERE ( id=7 ) [ RunTime:0.0010s ]
INFO: [ app_end ] --START--
INFO: Run Behavior\ShowPageTraceBehavior [ RunTime:0.001000s ]
INFO: [ app_end ] --END-- [ RunTime:0.001000s ]

[ 2017-04-25T11:10:59+08:00 ] 127.0.0.1 /index.php/Home/Index/jianZan.html
INFO: [ app_begin ] --START--
INFO: Run Behavior\ReadHtmlCacheBehavior [ RunTime:0.000000s ]
INFO: [ app_begin ] --END-- [ RunTime:0.002000s ]
SQL: SHOW COLUMNS FROM `knowledge` [ RunTime:0.0040s ]
SQL: SELECT * FROM `knowledge` WHERE ( id=7 ) LIMIT 1   [ RunTime:0.0010s ]
NOTIC: [8] Undefined offset: 1 G:\xcm.party\Application\Home\Controller\IndexController.class.php 第 395 行.
NOTIC: [8] Undefined offset: 1 G:\xcm.party\Application\Home\Controller\IndexController.class.php 第 395 行.
NOTIC: [8] Undefined offset: 1 G:\xcm.party\Application\Home\Controller\IndexController.class.php 第 395 行.
SQL: UPDATE `knowledge` SET `zan_member_id`='10',`zan_member_name`='谭军##xcm##xcm##xcm' WHERE ( id=7 ) [ RunTime:0.0010s ]
INFO: [ app_end ] --START--
INFO: Run Behavior\ShowPageTraceBehavior [ RunTime:0.000000s ]
INFO: [ app_end ] --END-- [ RunTime:0.001000s ]

[ 2017-04-25T11:10:59+08:00 ] 127.0.0.1 /index.php/Home/Index/saveZan.html
INFO: [ app_begin ] --START--
INFO: Run Behavior\ReadHtmlCacheBehavior [ RunTime:0.001000s ]
INFO: [ app_begin ] --END-- [ RunTime:0.002000s ]
SQL: SHOW COLUMNS FROM `user` [ RunTime:0.0030s ]
SQL: SELECT `name` FROM `user` WHERE ( id=7 ) LIMIT 1   [ RunTime:0.0000s ]
SQL: SHOW COLUMNS FROM `knowledge` [ RunTime:0.0030s ]
SQL: SELECT * FROM `knowledge` WHERE ( id=7 ) LIMIT 1   [ RunTime:0.0000s ]
SQL: UPDATE `knowledge` SET `zan_member_name`='谭军##xcm##xcm##xcm##xcm',`zan_member_id`='10##7' WHERE ( id=7 ) [ RunTime:0.0000s ]
INFO: [ app_end ] --START--
INFO: Run Behavior\ShowPageTraceBehavior [ RunTime:0.001000s ]
INFO: [ app_end ] --END-- [ RunTime:0.002000s ]

[ 2017-04-25T11:10:59+08:00 ] 127.0.0.1 /index.php/Home/Index/jianZan.html
INFO: [ app_begin ] --START--
INFO: Run Behavior\ReadHtmlCacheBehavior [ RunTime:0.001000s ]
INFO: [ app_begin ] --END-- [ RunTime:0.002000s ]
SQL: SHOW COLUMNS FROM `knowledge` [ RunTime:0.0030s ]
SQL: SELECT * FROM `knowledge` WHERE ( id=7 ) LIMIT 1   [ RunTime:0.0000s ]
NOTIC: [8] Undefined offset: 1 G:\xcm.party\Application\Home\Controller\IndexController.class.php 第 395 行.
NOTIC: [8] Undefined offset: 1 G:\xcm.party\Application\Home\Controller\IndexController.class.php 第 395 行.
NOTIC: [8] Undefined offset: 1 G:\xcm.party\Application\Home\Controller\IndexController.class.php 第 395 行.
NOTIC: [8] Undefined offset: 1 G:\xcm.party\Application\Home\Controller\IndexController.class.php 第 395 行.
SQL: UPDATE `knowledge` SET `zan_member_id`='10',`zan_member_name`='谭军##xcm##xcm##xcm##xcm' WHERE ( id=7 ) [ RunTime:0.0000s ]
INFO: [ app_end ] --START--
INFO: Run Behavior\ShowPageTraceBehavior [ RunTime:0.001000s ]
INFO: [ app_end ] --END-- [ RunTime:0.001000s ]

[ 2017-04-25T11:10:59+08:00 ] 127.0.0.1 /index.php/Home/Index/saveZan.html
INFO: [ app_begin ] --START--
INFO: Run Behavior\ReadHtmlCacheBehavior [ RunTime:0.001000s ]
INFO: [ app_begin ] --END-- [ RunTime:0.001000s ]
SQL: SHOW COLUMNS FROM `user` [ RunTime:0.0030s ]
SQL: SELECT `name` FROM `user` WHERE ( id=7 ) LIMIT 1   [ RunTime:0.0000s ]
SQL: SHOW COLUMNS FROM `knowledge` [ RunTime:0.0040s ]
SQL: SELECT * FROM `knowledge` WHERE ( id=7 ) LIMIT 1   [ RunTime:0.0010s ]
SQL: UPDATE `knowledge` SET `zan_member_name`='谭军##xcm##xcm##xcm##xcm##xcm',`zan_member_id`='10##7' WHERE ( id=7 ) [ RunTime:0.0000s ]
INFO: [ app_end ] --START--
INFO: Run Behavior\ShowPageTraceBehavior [ RunTime:0.001000s ]
INFO: [ app_end ] --END-- [ RunTime:0.002000s ]

[ 2017-04-25T11:11:00+08:00 ] 127.0.0.1 /index.php/Home/Index/jianZan.html
INFO: [ app_begin ] --START--
INFO: Run Behavior\ReadHtmlCacheBehavior [ RunTime:0.001000s ]
INFO: [ app_begin ] --END-- [ RunTime:0.002000s ]
SQL: SHOW COLUMNS FROM `knowledge` [ RunTime:0.0030s ]
SQL: SELECT * FROM `knowledge` WHERE ( id=7 ) LIMIT 1   [ RunTime:0.0010s ]
NOTIC: [8] Undefined offset: 1 G:\xcm.party\Application\Home\Controller\IndexController.class.php 第 395 行.
NOTIC: [8] Undefined offset: 1 G:\xcm.party\Application\Home\Controller\IndexController.class.php 第 395 行.
NOTIC: [8] Undefined offset: 1 G:\xcm.party\Application\Home\Controller\IndexController.class.php 第 395 行.
NOTIC: [8] Undefined offset: 1 G:\xcm.party\Application\Home\Controller\IndexController.class.php 第 395 行.
NOTIC: [8] Undefined offset: 1 G:\xcm.party\Application\Home\Controller\IndexController.class.php 第 395 行.
SQL: UPDATE `knowledge` SET `zan_member_id`='10',`zan_member_name`='谭军##xcm##xcm##xcm##xcm##xcm' WHERE ( id=7 ) [ RunTime:0.0010s ]
INFO: [ app_end ] --START--
INFO: Run Behavior\ShowPageTraceBehavior [ RunTime:0.000000s ]
INFO: [ app_end ] --END-- [ RunTime:0.001000s ]

[ 2017-04-25T11:11:00+08:00 ] 127.0.0.1 /index.php/Home/Index/saveZan.html
INFO: [ app_begin ] --START--
INFO: Run Behavior\ReadHtmlCacheBehavior [ RunTime:0.000000s ]
INFO: [ app_begin ] --END-- [ RunTime:0.002000s ]
SQL: SHOW COLUMNS FROM `user` [ RunTime:0.0030s ]
SQL: SELECT `name` FROM `user` WHERE ( id=7 ) LIMIT 1   [ RunTime:0.0000s ]
SQL: SHOW COLUMNS FROM `knowledge` [ RunTime:0.0030s ]
SQL: SELECT * FROM `knowledge` WHERE ( id=7 ) LIMIT 1   [ RunTime:0.0000s ]
SQL: UPDATE `knowledge` SET `zan_member_name`='谭军##xcm##xcm##xcm##xcm##xcm##xcm',`zan_member_id`='10##7' WHERE ( id=7 ) [ RunTime:0.0000s ]
INFO: [ app_end ] --START--
INFO: Run Behavior\ShowPageTraceBehavior [ RunTime:0.001000s ]
INFO: [ app_end ] --END-- [ RunTime:0.001000s ]

[ 2017-04-25T11:11:00+08:00 ] 127.0.0.1 /index.php/Home/Index/jianZan.html
INFO: [ app_begin ] --START--
INFO: Run Behavior\ReadHtmlCacheBehavior [ RunTime:0.001000s ]
INFO: [ app_begin ] --END-- [ RunTime:0.001000s ]
SQL: SHOW COLUMNS FROM `knowledge` [ RunTime:0.0030s ]
SQL: SELECT * FROM `knowledge` WHERE ( id=7 ) LIMIT 1   [ RunTime:0.0000s ]
NOTIC: [8] Undefined offset: 1 G:\xcm.party\Application\Home\Controller\IndexController.class.php 第 395 行.
NOTIC: [8] Undefined offset: 1 G:\xcm.party\Application\Home\Controller\IndexController.class.php 第 395 行.
NOTIC: [8] Undefined offset: 1 G:\xcm.party\Application\Home\Controller\IndexController.class.php 第 395 行.
NOTIC: [8] Undefined offset: 1 G:\xcm.party\Application\Home\Controller\IndexController.class.php 第 395 行.
NOTIC: [8] Undefined offset: 1 G:\xcm.party\Application\Home\Controller\IndexController.class.php 第 395 行.
NOTIC: [8] Undefined offset: 1 G:\xcm.party\Application\Home\Controller\IndexController.class.php 第 395 行.
SQL: UPDATE `knowledge` SET `zan_member_id`='10',`zan_member_name`='谭军##xcm##xcm##xcm##xcm##xcm##xcm' WHERE ( id=7 ) [ RunTime:0.0000s ]
INFO: [ app_end ] --START--
INFO: Run Behavior\ShowPageTraceBehavior [ RunTime:0.001000s ]
INFO: [ app_end ] --END-- [ RunTime:0.001000s ]

[ 2017-04-25T11:11:00+08:00 ] 127.0.0.1 /index.php/Home/Index/saveZan.html
INFO: [ app_begin ] --START--
INFO: Run Behavior\ReadHtmlCacheBehavior [ RunTime:0.001000s ]
INFO: [ app_begin ] --END-- [ RunTime:0.003000s ]
SQL: SHOW COLUMNS FROM `user` [ RunTime:0.0040s ]
SQL: SELECT `name` FROM `user` WHERE ( id=7 ) LIMIT 1   [ RunTime:0.0000s ]
SQL: SHOW COLUMNS FROM `knowledge` [ RunTime:0.0030s ]
SQL: SELECT * FROM `knowledge` WHERE ( id=7 ) LIMIT 1   [ RunTime:0.0010s ]
SQL: UPDATE `knowledge` SET `zan_member_name`='谭军##xcm##xcm##xcm##xcm##xcm##xcm##xcm',`zan_member_id`='10##7' WHERE ( id=7 ) [ RunTime:0.0010s ]
INFO: [ app_end ] --START--
INFO: Run Behavior\ShowPageTraceBehavior [ RunTime:0.000000s ]
INFO: [ app_end ] --END-- [ RunTime:0.001000s ]

[ 2017-04-25T11:11:04+08:00 ] 127.0.0.1 /index.php/Home/Index/jianZan.html
INFO: [ app_begin ] --START--
INFO: Run Behavior\ReadHtmlCacheBehavior [ RunTime:0.000000s ]
INFO: [ app_begin ] --END-- [ RunTime:0.002000s ]
SQL: SHOW COLUMNS FROM `knowledge` [ RunTime:0.0130s ]
SQL: SELECT * FROM `knowledge` WHERE ( id=7 ) LIMIT 1   [ RunTime:0.0000s ]
NOTIC: [8] Undefined offset: 1 G:\xcm.party\Application\Home\Controller\IndexController.class.php 第 395 行.
NOTIC: [8] Undefined offset: 1 G:\xcm.party\Application\Home\Controller\IndexController.class.php 第 395 行.
NOTIC: [8] Undefined offset: 1 G:\xcm.party\Application\Home\Controller\IndexController.class.php 第 395 行.
NOTIC: [8] Undefined offset: 1 G:\xcm.party\Application\Home\Controller\IndexController.class.php 第 395 行.
NOTIC: [8] Undefined offset: 1 G:\xcm.party\Application\Home\Controller\IndexController.class.php 第 395 行.
NOTIC: [8] Undefined offset: 1 G:\xcm.party\Application\Home\Controller\IndexController.class.php 第 395 行.
NOTIC: [8] Undefined offset: 1 G:\xcm.party\Application\Home\Controller\IndexController.class.php 第 395 行.
SQL: UPDATE `knowledge` SET `zan_member_id`='10',`zan_member_name`='谭军##xcm##xcm##xcm##xcm##xcm##xcm##xcm' WHERE ( id=7 ) [ RunTime:0.0000s ]
INFO: [ app_end ] --START--
INFO: Run Behavior\ShowPageTraceBehavior [ RunTime:0.001000s ]
INFO: [ app_end ] --END-- [ RunTime:0.002000s ]

[ 2017-04-25T11:11:05+08:00 ] 127.0.0.1 /index.php/Home/Index/saveZan.html
INFO: [ app_begin ] --START--
INFO: Run Behavior\ReadHtmlCacheBehavior [ RunTime:0.000000s ]
INFO: [ app_begin ] --END-- [ RunTime:0.002000s ]
SQL: SHOW COLUMNS FROM `user` [ RunTime:0.0020s ]
SQL: SELECT `name` FROM `user` WHERE ( id=7 ) LIMIT 1   [ RunTime:0.0000s ]
SQL: SHOW COLUMNS FROM `knowledge` [ RunTime:0.0020s ]
SQL: SELECT * FROM `knowledge` WHERE ( id=7 ) LIMIT 1   [ RunTime:0.0000s ]
SQL: UPDATE `knowledge` SET `zan_member_name`='谭军##xcm##xcm##xcm##xcm##xcm##xcm##xcm##xcm',`zan_member_id`='10##7' WHERE ( id=7 ) [ RunTime:0.0010s ]
INFO: [ app_end ] --START--
INFO: Run Behavior\ShowPageTraceBehavior [ RunTime:0.001000s ]
INFO: [ app_end ] --END-- [ RunTime:0.001000s ]

[ 2017-04-25T11:11:06+08:00 ] 127.0.0.1 /index.php/Home/Index/jianZan.html
INFO: [ app_begin ] --START--
INFO: Run Behavior\ReadHtmlCacheBehavior [ RunTime:0.001000s ]
INFO: [ app_begin ] --END-- [ RunTime:0.003000s ]
SQL: SHOW COLUMNS FROM `knowledge` [ RunTime:0.0050s ]
SQL: SELECT * FROM `knowledge` WHERE ( id=7 ) LIMIT 1   [ RunTime:0.0010s ]
NOTIC: [8] Undefined offset: 1 G:\xcm.party\Application\Home\Controller\IndexController.class.php 第 395 行.
NOTIC: [8] Undefined offset: 1 G:\xcm.party\Application\Home\Controller\IndexController.class.php 第 395 行.
NOTIC: [8] Undefined offset: 1 G:\xcm.party\Application\Home\Controller\IndexController.class.php 第 395 行.
NOTIC: [8] Undefined offset: 1 G:\xcm.party\Application\Home\Controller\IndexController.class.php 第 395 行.
NOTIC: [8] Undefined offset: 1 G:\xcm.party\Application\Home\Controller\IndexController.class.php 第 395 行.
NOTIC: [8] Undefined offset: 1 G:\xcm.party\Application\Home\Controller\IndexController.class.php 第 395 行.
NOTIC: [8] Undefined offset: 1 G:\xcm.party\Application\Home\Controller\IndexController.class.php 第 395 行.
NOTIC: [8] Undefined offset: 1 G:\xcm.party\Application\Home\Controller\IndexController.class.php 第 395 行.
SQL: UPDATE `knowledge` SET `zan_member_id`='10',`zan_member_name`='谭军##xcm##xcm##xcm##xcm##xcm##xcm##xcm##xcm' WHERE ( id=7 ) [ RunTime:0.0010s ]
INFO: [ app_end ] --START--
INFO: Run Behavior\ShowPageTraceBehavior [ RunTime:0.001000s ]
INFO: [ app_end ] --END-- [ RunTime:0.002000s ]

[ 2017-04-25T11:11:06+08:00 ] 127.0.0.1 /index.php/Home/Index/saveZan.html
INFO: [ app_begin ] --START--
INFO: Run Behavior\ReadHtmlCacheBehavior [ RunTime:0.000000s ]
INFO: [ app_begin ] --END-- [ RunTime:0.001000s ]
SQL: SHOW COLUMNS FROM `user` [ RunTime:0.0040s ]
SQL: SELECT `name` FROM `user` WHERE ( id=7 ) LIMIT 1   [ RunTime:0.0010s ]
SQL: SHOW COLUMNS FROM `knowledge` [ RunTime:0.0030s ]
SQL: SELECT * FROM `knowledge` WHERE ( id=7 ) LIMIT 1   [ RunTime:0.0000s ]
SQL: UPDATE `knowledge` SET `zan_member_name`='谭军##xcm##xcm##xcm##xcm##xcm##xcm##xcm##xcm##xcm',`zan_member_id`='10##7' WHERE ( id=7 ) [ RunTime:0.0010s ]
INFO: [ app_end ] --START--
INFO: Run Behavior\ShowPageTraceBehavior [ RunTime:0.001000s ]
INFO: [ app_end ] --END-- [ RunTime:0.001000s ]

[ 2017-04-25T11:11:07+08:00 ] 127.0.0.1 /index.php/Home/Index/jianZan.html
INFO: [ app_begin ] --START--
INFO: Run Behavior\ReadHtmlCacheBehavior [ RunTime:0.001000s ]
INFO: [ app_begin ] --END-- [ RunTime:0.001000s ]
SQL: SHOW COLUMNS FROM `knowledge` [ RunTime:0.0020s ]
SQL: SELECT * FROM `knowledge` WHERE ( id=7 ) LIMIT 1   [ RunTime:0.0000s ]
NOTIC: [8] Undefined offset: 1 G:\xcm.party\Application\Home\Controller\IndexController.class.php 第 395 行.
NOTIC: [8] Undefined offset: 1 G:\xcm.party\Application\Home\Controller\IndexController.class.php 第 395 行.
NOTIC: [8] Undefined offset: 1 G:\xcm.party\Application\Home\Controller\IndexController.class.php 第 395 行.
NOTIC: [8] Undefined offset: 1 G:\xcm.party\Application\Home\Controller\IndexController.class.php 第 395 行.
NOTIC: [8] Undefined offset: 1 G:\xcm.party\Application\Home\Controller\IndexController.class.php 第 395 行.
NOTIC: [8] Undefined offset: 1 G:\xcm.party\Application\Home\Controller\IndexController.class.php 第 395 行.
NOTIC: [8] Undefined offset: 1 G:\xcm.party\Application\Home\Controller\IndexController.class.php 第 395 行.
NOTIC: [8] Undefined offset: 1 G:\xcm.party\Application\Home\Controller\IndexController.class.php 第 395 行.
NOTIC: [8] Undefined offset: 1 G:\xcm.party\Application\Home\Controller\IndexController.class.php 第 395 行.
SQL: UPDATE `knowledge` SET `zan_member_id`='10',`zan_member_name`='谭军##xcm##xcm##xcm##xcm##xcm##xcm##xcm##xcm##xcm' WHERE ( id=7 ) [ RunTime:0.0000s ]
INFO: [ app_end ] --START--
INFO: Run Behavior\ShowPageTraceBehavior [ RunTime:0.001000s ]
INFO: [ app_end ] --END-- [ RunTime:0.001000s ]

[ 2017-04-25T11:11:07+08:00 ] 127.0.0.1 /index.php/Home/Index/saveZan.html
INFO: [ app_begin ] --START--
INFO: Run Behavior\ReadHtmlCacheBehavior [ RunTime:0.001000s ]
INFO: [ app_begin ] --END-- [ RunTime:0.001000s ]
SQL: SHOW COLUMNS FROM `user` [ RunTime:0.0030s ]
SQL: SELECT `name` FROM `user` WHERE ( id=7 ) LIMIT 1   [ RunTime:0.0010s ]
SQL: SHOW COLUMNS FROM `knowledge` [ RunTime:0.0030s ]
SQL: SELECT * FROM `knowledge` WHERE ( id=7 ) LIMIT 1   [ RunTime:0.0010s ]
SQL: UPDATE `knowledge` SET `zan_member_name`='谭军##xcm##xcm##xcm##xcm##xcm##xcm##xcm##xcm##xcm##xcm',`zan_member_id`='10##7' WHERE ( id=7 ) [ RunTime:0.0010s ]
INFO: [ app_end ] --START--
INFO: Run Behavior\ShowPageTraceBehavior [ RunTime:0.001000s ]
INFO: [ app_end ] --END-- [ RunTime:0.001000s ]

[ 2017-04-25T11:11:08+08:00 ] 127.0.0.1 /index.php/Home/Index/jianZan.html
INFO: [ app_begin ] --START--
INFO: Run Behavior\ReadHtmlCacheBehavior [ RunTime:0.001000s ]
INFO: [ app_begin ] --END-- [ RunTime:0.003000s ]
SQL: SHOW COLUMNS FROM `knowledge` [ RunTime:0.0060s ]
SQL: SELECT * FROM `knowledge` WHERE ( id=7 ) LIMIT 1   [ RunTime:0.0020s ]
NOTIC: [8] Undefined offset: 1 G:\xcm.party\Application\Home\Controller\IndexController.class.php 第 395 行.
NOTIC: [8] Undefined offset: 1 G:\xcm.party\Application\Home\Controller\IndexController.class.php 第 395 行.
NOTIC: [8] Undefined offset: 1 G:\xcm.party\Application\Home\Controller\IndexController.class.php 第 395 行.
NOTIC: [8] Undefined offset: 1 G:\xcm.party\Application\Home\Controller\IndexController.class.php 第 395 行.
NOTIC: [8] Undefined offset: 1 G:\xcm.party\Application\Home\Controller\IndexController.class.php 第 395 行.
NOTIC: [8] Undefined offset: 1 G:\xcm.party\Application\Home\Controller\IndexController.class.php 第 395 行.
NOTIC: [8] Undefined offset: 1 G:\xcm.party\Application\Home\Controller\IndexController.class.php 第 395 行.
NOTIC: [8] Undefined offset: 1 G:\xcm.party\Application\Home\Controller\IndexController.class.php 第 395 行.
NOTIC: [8] Undefined offset: 1 G:\xcm.party\Application\Home\Controller\IndexController.class.php 第 395 行.
NOTIC: [8] Undefined offset: 1 G:\xcm.party\Application\Home\Controller\IndexController.class.php 第 395 行.
SQL: UPDATE `knowledge` SET `zan_member_id`='10',`zan_member_name`='谭军##xcm##xcm##xcm##xcm##xcm##xcm##xcm##xcm##xcm##xcm' WHERE ( id=7 ) [ RunTime:0.0010s ]
INFO: [ app_end ] --START--
INFO: Run Behavior\ShowPageTraceBehavior [ RunTime:0.001000s ]
INFO: [ app_end ] --END-- [ RunTime:0.004000s ]

[ 2017-04-25T11:11:08+08:00 ] 127.0.0.1 /index.php/Home/Index/saveZan.html
INFO: [ app_begin ] --START--
INFO: Run Behavior\ReadHtmlCacheBehavior [ RunTime:0.000000s ]
INFO: [ app_begin ] --END-- [ RunTime:0.001000s ]
SQL: SHOW COLUMNS FROM `user` [ RunTime:0.0030s ]
SQL: SELECT `name` FROM `user` WHERE ( id=7 ) LIMIT 1   [ RunTime:0.0010s ]
SQL: SHOW COLUMNS FROM `knowledge` [ RunTime:0.0030s ]
SQL: SELECT * FROM `knowledge` WHERE ( id=7 ) LIMIT 1   [ RunTime:0.0010s ]
SQL: UPDATE `knowledge` SET `zan_member_name`='谭军##xcm##xcm##xcm##xcm##xcm##xcm##xcm##xcm##xcm##xcm##xcm',`zan_member_id`='10##7' WHERE ( id=7 ) [ RunTime:0.0010s ]
INFO: [ app_end ] --START--
INFO: Run Behavior\ShowPageTraceBehavior [ RunTime:0.000000s ]
INFO: [ app_end ] --END-- [ RunTime:0.002000s ]

[ 2017-04-25T11:11:09+08:00 ] 127.0.0.1 /index.php/Home/Index/jianZan.html
INFO: [ app_begin ] --START--
INFO: Run Behavior\ReadHtmlCacheBehavior [ RunTime:0.001000s ]
INFO: [ app_begin ] --END-- [ RunTime:0.002000s ]
SQL: SHOW COLUMNS FROM `knowledge` [ RunTime:0.0040s ]
SQL: SELECT * FROM `knowledge` WHERE ( id=7 ) LIMIT 1   [ RunTime:0.0010s ]
NOTIC: [8] Undefined offset: 1 G:\xcm.party\Application\Home\Controller\IndexController.class.php 第 395 行.
NOTIC: [8] Undefined offset: 1 G:\xcm.party\Application\Home\Controller\IndexController.class.php 第 395 行.
NOTIC: [8] Undefined offset: 1 G:\xcm.party\Application\Home\Controller\IndexController.class.php 第 395 行.
NOTIC: [8] Undefined offset: 1 G:\xcm.party\Application\Home\Controller\IndexController.class.php 第 395 行.
NOTIC: [8] Undefined offset: 1 G:\xcm.party\Application\Home\Controller\IndexController.class.php 第 395 行.
NOTIC: [8] Undefined offset: 1 G:\xcm.party\Application\Home\Controller\IndexController.class.php 第 395 行.
NOTIC: [8] Undefined offset: 1 G:\xcm.party\Application\Home\Controller\IndexController.class.php 第 395 行.
NOTIC: [8] Undefined offset: 1 G:\xcm.party\Application\Home\Controller\IndexController.class.php 第 395 行.
NOTIC: [8] Undefined offset: 1 G:\xcm.party\Application\Home\Controller\IndexController.class.php 第 395 行.
NOTIC: [8] Undefined offset: 1 G:\xcm.party\Application\Home\Controller\IndexController.class.php 第 395 行.
NOTIC: [8] Undefined offset: 1 G:\xcm.party\Application\Home\Controller\IndexController.class.php 第 395 行.
SQL: UPDATE `knowledge` SET `zan_member_id`='10',`zan_member_name`='谭军##xcm##xcm##xcm##xcm##xcm##xcm##xcm##xcm##xcm##xcm##xcm' WHERE ( id=7 ) [ RunTime:0.0000s ]
INFO: [ app_end ] --START--
INFO: Run Behavior\ShowPageTraceBehavior [ RunTime:0.001000s ]
INFO: [ app_end ] --END-- [ RunTime:0.001000s ]

[ 2017-04-25T11:11:13+08:00 ] 127.0.0.1 /index.php/Home/Index/saveZan.html
INFO: [ app_begin ] --START--
INFO: Run Behavior\ReadHtmlCacheBehavior [ RunTime:0.001000s ]
INFO: [ app_begin ] --END-- [ RunTime:0.002000s ]
SQL: SHOW COLUMNS FROM `user` [ RunTime:0.0040s ]
SQL: SELECT `name` FROM `user` WHERE ( id=7 ) LIMIT 1   [ RunTime:0.0000s ]
SQL: SHOW COLUMNS FROM `knowledge` [ RunTime:0.0040s ]
SQL: SELECT * FROM `knowledge` WHERE ( id=7 ) LIMIT 1   [ RunTime:0.0010s ]
SQL: UPDATE `knowledge` SET `zan_member_name`='谭军##xcm##xcm##xcm##xcm##xcm##xcm##xcm##xcm##xcm##xcm##xcm##xcm',`zan_member_id`='10##7' WHERE ( id=7 ) [ RunTime:0.0010s ]
INFO: [ app_end ] --START--
INFO: Run Behavior\ShowPageTraceBehavior [ RunTime:0.000000s ]
INFO: [ app_end ] --END-- [ RunTime:0.002000s ]

[ 2017-04-25T11:11:14+08:00 ] 127.0.0.1 /index.php/Home/Index/jianZan.html
INFO: [ app_begin ] --START--
INFO: Run Behavior\ReadHtmlCacheBehavior [ RunTime:0.001000s ]
INFO: [ app_begin ] --END-- [ RunTime:0.001000s ]
SQL: SHOW COLUMNS FROM `knowledge` [ RunTime:0.0030s ]
SQL: SELECT * FROM `knowledge` WHERE ( id=7 ) LIMIT 1   [ RunTime:0.0010s ]
NOTIC: [8] Undefined offset: 1 G:\xcm.party\Application\Home\Controller\IndexController.class.php 第 395 行.
NOTIC: [8] Undefined offset: 1 G:\xcm.party\Application\Home\Controller\IndexController.class.php 第 395 行.
NOTIC: [8] Undefined offset: 1 G:\xcm.party\Application\Home\Controller\IndexController.class.php 第 395 行.
NOTIC: [8] Undefined offset: 1 G:\xcm.party\Application\Home\Controller\IndexController.class.php 第 395 行.
NOTIC: [8] Undefined offset: 1 G:\xcm.party\Application\Home\Controller\IndexController.class.php 第 395 行.
NOTIC: [8] Undefined offset: 1 G:\xcm.party\Application\Home\Controller\IndexController.class.php 第 395 行.
NOTIC: [8] Undefined offset: 1 G:\xcm.party\Application\Home\Controller\IndexController.class.php 第 395 行.
NOTIC: [8] Undefined offset: 1 G:\xcm.party\Application\Home\Controller\IndexController.class.php 第 395 行.
NOTIC: [8] Undefined offset: 1 G:\xcm.party\Application\Home\Controller\IndexController.class.php 第 395 行.
NOTIC: [8] Undefined offset: 1 G:\xcm.party\Application\Home\Controller\IndexController.class.php 第 395 行.
NOTIC: [8] Undefined offset: 1 G:\xcm.party\Application\Home\Controller\IndexController.class.php 第 395 行.
NOTIC: [8] Undefined offset: 1 G:\xcm.party\Application\Home\Controller\IndexController.class.php 第 395 行.
SQL: UPDATE `knowledge` SET `zan_member_id`='10',`zan_member_name`='谭军##xcm##xcm##xcm##xcm##xcm##xcm##xcm##xcm##xcm##xcm##xcm##xcm' WHERE ( id=7 ) [ RunTime:0.0010s ]
INFO: [ app_end ] --START--
INFO: Run Behavior\ShowPageTraceBehavior [ RunTime:0.001000s ]
INFO: [ app_end ] --END-- [ RunTime:0.001000s ]

[ 2017-04-25T11:11:15+08:00 ] 127.0.0.1 /index.php/Home/Index/saveZan.html
INFO: [ app_begin ] --START--
INFO: Run Behavior\ReadHtmlCacheBehavior [ RunTime:0.001000s ]
INFO: [ app_begin ] --END-- [ RunTime:0.002000s ]
SQL: SHOW COLUMNS FROM `user` [ RunTime:0.0040s ]
SQL: SELECT `name` FROM `user` WHERE ( id=7 ) LIMIT 1   [ RunTime:0.0010s ]
SQL: SHOW COLUMNS FROM `knowledge` [ RunTime:0.0040s ]
SQL: SELECT * FROM `knowledge` WHERE ( id=7 ) LIMIT 1   [ RunTime:0.0000s ]
SQL: UPDATE `knowledge` SET `zan_member_name`='谭军##xcm##xcm##xcm##xcm##xcm##xcm##xcm##xcm##xcm##xcm##xcm##xcm##xcm',`zan_member_id`='10##7' WHERE ( id=7 ) [ RunTime:0.0010s ]
INFO: [ app_end ] --START--
INFO: Run Behavior\ShowPageTraceBehavior [ RunTime:0.000000s ]
INFO: [ app_end ] --END-- [ RunTime:0.002000s ]

[ 2017-04-25T11:11:15+08:00 ] 127.0.0.1 /index.php/Home/Index/jianZan.html
INFO: [ app_begin ] --START--
INFO: Run Behavior\ReadHtmlCacheBehavior [ RunTime:0.000000s ]
INFO: [ app_begin ] --END-- [ RunTime:0.001000s ]
SQL: SHOW COLUMNS FROM `knowledge` [ RunTime:0.0040s ]
SQL: SELECT * FROM `knowledge` WHERE ( id=7 ) LIMIT 1   [ RunTime:0.0010s ]
NOTIC: [8] Undefined offset: 1 G:\xcm.party\Application\Home\Controller\IndexController.class.php 第 395 行.
NOTIC: [8] Undefined offset: 1 G:\xcm.party\Application\Home\Controller\IndexController.class.php 第 395 行.
NOTIC: [8] Undefined offset: 1 G:\xcm.party\Application\Home\Controller\IndexController.class.php 第 395 行.
NOTIC: [8] Undefined offset: 1 G:\xcm.party\Application\Home\Controller\IndexController.class.php 第 395 行.
NOTIC: [8] Undefined offset: 1 G:\xcm.party\Application\Home\Controller\IndexController.class.php 第 395 行.
NOTIC: [8] Undefined offset: 1 G:\xcm.party\Application\Home\Controller\IndexController.class.php 第 395 行.
NOTIC: [8] Undefined offset: 1 G:\xcm.party\Application\Home\Controller\IndexController.class.php 第 395 行.
NOTIC: [8] Undefined offset: 1 G:\xcm.party\Application\Home\Controller\IndexController.class.php 第 395 行.
NOTIC: [8] Undefined offset: 1 G:\xcm.party\Application\Home\Controller\IndexController.class.php 第 395 行.
NOTIC: [8] Undefined offset: 1 G:\xcm.party\Application\Home\Controller\IndexController.class.php 第 395 行.
NOTIC: [8] Undefined offset: 1 G:\xcm.party\Application\Home\Controller\IndexController.class.php 第 395 行.
NOTIC: [8] Undefined offset: 1 G:\xcm.party\Application\Home\Controller\IndexController.class.php 第 395 行.
NOTIC: [8] Undefined offset: 1 G:\xcm.party\Application\Home\Controller\IndexController.class.php 第 395 行.
SQL: UPDATE `knowledge` SET `zan_member_id`='10',`zan_member_name`='谭军##xcm##xcm##xcm##xcm##xcm##xcm##xcm##xcm##xcm##xcm##xcm##xcm##xcm' WHERE ( id=7 ) [ RunTime:0.0010s ]
INFO: [ app_end ] --START--
INFO: Run Behavior\ShowPageTraceBehavior [ RunTime:0.001000s ]
INFO: [ app_end ] --END-- [ RunTime:0.002000s ]

[ 2017-04-25T11:11:20+08:00 ] 127.0.0.1 /index.php/Home/Index/saveZan.html
INFO: [ app_begin ] --START--
INFO: Run Behavior\ReadHtmlCacheBehavior [ RunTime:0.001000s ]
INFO: [ app_begin ] --END-- [ RunTime:0.001000s ]
SQL: SHOW COLUMNS FROM `user` [ RunTime:0.0030s ]
SQL: SELECT `name` FROM `user` WHERE ( id=7 ) LIMIT 1   [ RunTime:0.0000s ]
SQL: SHOW COLUMNS FROM `knowledge` [ RunTime:0.0030s ]
SQL: SELECT * FROM `knowledge` WHERE ( id=4 ) LIMIT 1   [ RunTime:0.0010s ]
SQL: UPDATE `knowledge` SET `zan_member_name`='xcm',`zan_member_id`='7' WHERE ( id=4 ) [ RunTime:0.0000s ]
INFO: [ app_end ] --START--
INFO: Run Behavior\ShowPageTraceBehavior [ RunTime:0.000000s ]
INFO: [ app_end ] --END-- [ RunTime:0.002000s ]

[ 2017-04-25T11:11:21+08:00 ] 127.0.0.1 /index.php/Home/Index/jianZan.html
INFO: [ app_begin ] --START--
INFO: Run Behavior\ReadHtmlCacheBehavior [ RunTime:0.001000s ]
INFO: [ app_begin ] --END-- [ RunTime:0.002000s ]
SQL: SHOW COLUMNS FROM `knowledge` [ RunTime:0.0030s ]
SQL: SELECT * FROM `knowledge` WHERE ( id=4 ) LIMIT 1   [ RunTime:0.0010s ]
SQL: UPDATE `knowledge` SET `zan_member_id`='',`zan_member_name`='' WHERE ( id=4 ) [ RunTime:0.0000s ]
INFO: [ app_end ] --START--
INFO: Run Behavior\ShowPageTraceBehavior [ RunTime:0.001000s ]
INFO: [ app_end ] --END-- [ RunTime:0.002000s ]

[ 2017-04-25T11:18:43+08:00 ] 127.0.0.1 /index.php/Home/Index/ZC.html
INFO: [ app_begin ] --START--
INFO: Run Behavior\ReadHtmlCacheBehavior [ RunTime:0.001000s ]
INFO: [ app_begin ] --END-- [ RunTime:0.002000s ]
SQL: SHOW COLUMNS FROM `user` [ RunTime:0.0030s ]
SQL: SELECT * FROM `user` WHERE ( phone=13822138222 ) LIMIT 1   [ RunTime:0.0000s ]

[ 2017-04-25T11:18:48+08:00 ] 127.0.0.1 /index.php/Home/Index/ZC.html
INFO: [ app_begin ] --START--
INFO: Run Behavior\ReadHtmlCacheBehavior [ RunTime:0.000000s ]
INFO: [ app_begin ] --END-- [ RunTime:0.002000s ]
SQL: SHOW COLUMNS FROM `user` [ RunTime:0.0040s ]
SQL: SELECT * FROM `user` WHERE ( phone=13822138223 ) LIMIT 1   [ RunTime:0.0010s ]
SQL: INSERT INTO `user` (`name`,`reName`,`phone`,`pass`,`img`,`create_time`,`update_time`) VALUES ('xcj','徐昌杰','13822138223','e4da3b7fbbce2345d7772b0674a318d5','/Application/Home/Public/Uploads/2017-04-25/Eehpr5kbimage.jpg','2017-04-25 11:48:18','2017-04-25 11:48:18') [ RunTime:0.0220s ]

[ 2017-04-25T11:18:59+08:00 ] 127.0.0.1 /index.php/Home/Index/login.html
INFO: [ app_begin ] --START--
INFO: Run Behavior\ReadHtmlCacheBehavior [ RunTime:0.001000s ]
INFO: [ app_begin ] --END-- [ RunTime:0.002000s ]
SQL: SHOW COLUMNS FROM `user` [ RunTime:0.0040s ]
SQL: SELECT * FROM `user` WHERE ( name="xcj" and pass="e4da3b7fbbce2345d7772b0674a318d5" ) LIMIT 1   [ RunTime:0.0010s ]

[ 2017-04-25T11:21:32+08:00 ] 127.0.0.1 /index.php/Home/Index/addSay.html
INFO: [ app_begin ] --START--
INFO: Run Behavior\ReadHtmlCacheBehavior [ RunTime:0.001000s ]
INFO: [ app_begin ] --END-- [ RunTime:0.002000s ]
SQL: SHOW COLUMNS FROM `user` [ RunTime:0.0030s ]
SQL: SELECT `name` FROM `user` WHERE ( id=11 ) LIMIT 1   [ RunTime:0.0010s ]
SQL: SHOW COLUMNS FROM `sayknowledge` [ RunTime:0.0040s ]
SQL: INSERT INTO `sayknowledge` (`say_info`,`say_member_id`,`knowledge_id`,`create_time`,`say_member_name`) VALUES ('uuu','11','7','2017-04-25 11:32:21','xcj') [ RunTime:0.0010s ]

[ 2017-04-25T11:27:57+08:00 ] 127.0.0.1 /index.php/Home/Index/addSay.html
INFO: [ app_begin ] --START--
INFO: Run Behavior\ReadHtmlCacheBehavior [ RunTime:0.001000s ]
INFO: [ app_begin ] --END-- [ RunTime:0.001000s ]
SQL: SHOW COLUMNS FROM `user` [ RunTime:0.0040s ]
SQL: SELECT `reName` FROM `user` WHERE ( id=11 ) LIMIT 1   [ RunTime:0.0010s ]
NOTIC: [8] Undefined index: reName G:\xcm.party\Application\Home\Controller\IndexController.class.php 第 346 行.
SQL: SHOW COLUMNS FROM `sayknowledge` [ RunTime:0.0040s ]
SQL: INSERT INTO `sayknowledge` (`say_info`,`say_member_id`,`knowledge_id`,`create_time`,`say_member_name`) VALUES ('fdsa','11','7','2017-04-25 11:57:27',NULL) [ RunTime:0.0010s ]

[ 2017-04-25T11:28:38+08:00 ] 127.0.0.1 /index.php/Home/Index/addSay.html
INFO: [ app_begin ] --START--
INFO: Run Behavior\ReadHtmlCacheBehavior [ RunTime:0.001000s ]
INFO: [ app_begin ] --END-- [ RunTime:0.002000s ]
SQL: SHOW COLUMNS FROM `user` [ RunTime:0.0030s ]
SQL: SELECT `reName` FROM `user` WHERE ( id=11 ) LIMIT 1   [ RunTime:0.0010s ]

[ 2017-04-25T11:29:30+08:00 ] 127.0.0.1 /index.php/Home/Index/addSay.html
INFO: [ app_begin ] --START--
INFO: Run Behavior\ReadHtmlCacheBehavior [ RunTime:0.000000s ]
INFO: [ app_begin ] --END-- [ RunTime:0.001000s ]
SQL: SHOW COLUMNS FROM `user` [ RunTime:0.0030s ]
SQL: SELECT `reName` FROM `user` WHERE ( id=11 ) LIMIT 1   [ RunTime:0.0000s ]
NOTIC: [8] Undefined index: reName G:\xcm.party\Application\Home\Controller\IndexController.class.php 第 346 行.
SQL: SHOW COLUMNS FROM `sayknowledge` [ RunTime:0.0090s ]
SQL: INSERT INTO `sayknowledge` (`say_info`,`say_member_id`,`knowledge_id`,`create_time`,`say_member_name`) VALUES ('aaa','11','7','2017-04-25 11:30:29',NULL) [ RunTime:0.0080s ]

[ 2017-04-25T11:30:01+08:00 ] 127.0.0.1 /index.php/Home/Index/addSay.html
INFO: [ app_begin ] --START--
INFO: Run Behavior\ReadHtmlCacheBehavior [ RunTime:0.000000s ]
INFO: [ app_begin ] --END-- [ RunTime:0.002000s ]
SQL: SHOW COLUMNS FROM `user` [ RunTime:0.0030s ]
SQL: SELECT `reName` FROM `user` WHERE ( id=11 ) LIMIT 1   [ RunTime:0.0030s ]

[ 2017-04-25T11:33:18+08:00 ] 127.0.0.1 /index.php/Home/Index/addSay.html
INFO: [ app_begin ] --START--
INFO: Run Behavior\ReadHtmlCacheBehavior [ RunTime:0.001000s ]
INFO: [ app_begin ] --END-- [ RunTime:0.003000s ]
SQL: SHOW COLUMNS FROM `user` [ RunTime:0.0030s ]
ERR: 1054:Unknown column 'reName' in 'field list'
 [ SQL语句 ] : SELECT `reName` FROM `user` WHERE ( id=11 ) LIMIT 1  
ERR: 1054:Unknown column 'reName' in 'field list'
 [ SQL语句 ] : SELECT `reName` FROM `user` WHERE ( id=11 ) LIMIT 1  

[ 2017-04-25T11:33:46+08:00 ] 127.0.0.1 /index.php/Home/Index/addSay.html
INFO: [ app_begin ] --START--
INFO: Run Behavior\ReadHtmlCacheBehavior [ RunTime:0.000000s ]
INFO: [ app_begin ] --END-- [ RunTime:0.002000s ]
SQL: SHOW COLUMNS FROM `user` [ RunTime:0.0070s ]
SQL: SELECT `re_name` FROM `user` WHERE ( id=11 ) LIMIT 1   [ RunTime:0.0020s ]
SQL: SHOW COLUMNS FROM `sayknowledge` [ RunTime:0.0030s ]
SQL: INSERT INTO `sayknowledge` (`say_info`,`say_member_id`,`knowledge_id`,`create_time`,`say_member_name`) VALUES ('a','11','7','2017-04-25 11:46:33','徐昌杰') [ RunTime:0.0010s ]

[ 2017-04-25T11:35:55+08:00 ] 127.0.0.1 /index.php/Home/Index/addSay.html
INFO: [ app_begin ] --START--
INFO: Run Behavior\ReadHtmlCacheBehavior [ RunTime:0.002000s ]
INFO: [ app_begin ] --END-- [ RunTime:0.004000s ]
SQL: SHOW COLUMNS FROM `user` [ RunTime:0.0030s ]
SQL: SELECT `re_name` FROM `user` WHERE ( id=11 ) LIMIT 1   [ RunTime:0.0010s ]
SQL: SHOW COLUMNS FROM `sayknowledge` [ RunTime:0.0040s ]
SQL: INSERT INTO `sayknowledge` (`say_info`,`say_member_id`,`knowledge_id`,`create_time`,`say_member_name`) VALUES ('uuu','11','5','2017-04-25 11:55:35','徐昌杰') [ RunTime:0.0000s ]

[ 2017-04-25T11:36:11+08:00 ] 127.0.0.1 /index.php/Home/Index/saveZan.html
INFO: [ app_begin ] --START--
INFO: Run Behavior\ReadHtmlCacheBehavior [ RunTime:0.000000s ]
INFO: [ app_begin ] --END-- [ RunTime:0.002000s ]
SQL: SHOW COLUMNS FROM `user` [ RunTime:0.0020s ]
SQL: SELECT `name` FROM `user` WHERE ( id=11 ) LIMIT 1   [ RunTime:0.0000s ]
SQL: SHOW COLUMNS FROM `knowledge` [ RunTime:0.0030s ]
SQL: SELECT * FROM `knowledge` WHERE ( id=5 ) LIMIT 1   [ RunTime:0.0000s ]
SQL: UPDATE `knowledge` SET `zan_member_name`='xcm##xcj',`zan_member_id`='1##11' WHERE ( id=5 ) [ RunTime:0.0000s ]
INFO: [ app_end ] --START--
INFO: Run Behavior\ShowPageTraceBehavior [ RunTime:0.001000s ]
INFO: [ app_end ] --END-- [ RunTime:0.001000s ]

[ 2017-04-25T11:36:12+08:00 ] 127.0.0.1 /index.php/Home/Index/jianZan.html
INFO: [ app_begin ] --START--
INFO: Run Behavior\ReadHtmlCacheBehavior [ RunTime:0.001000s ]
INFO: [ app_begin ] --END-- [ RunTime:0.001000s ]
SQL: SHOW COLUMNS FROM `knowledge` [ RunTime:0.0020s ]
SQL: SELECT * FROM `knowledge` WHERE ( id=5 ) LIMIT 1   [ RunTime:0.0010s ]
NOTIC: [8] Undefined offset: 1 G:\xcm.party\Application\Home\Controller\IndexController.class.php 第 395 行.
SQL: UPDATE `knowledge` SET `zan_member_id`='1',`zan_member_name`='xcm##xcj' WHERE ( id=5 ) [ RunTime:0.0010s ]
INFO: [ app_end ] --START--
INFO: Run Behavior\ShowPageTraceBehavior [ RunTime:0.000000s ]
INFO: [ app_end ] --END-- [ RunTime:0.001000s ]

[ 2017-04-25T11:36:12+08:00 ] 127.0.0.1 /index.php/Home/Index/saveZan.html
INFO: [ app_begin ] --START--
INFO: Run Behavior\ReadHtmlCacheBehavior [ RunTime:0.001000s ]
INFO: [ app_begin ] --END-- [ RunTime:0.002000s ]
SQL: SHOW COLUMNS FROM `user` [ RunTime:0.0030s ]
SQL: SELECT `name` FROM `user` WHERE ( id=11 ) LIMIT 1   [ RunTime:0.0010s ]
SQL: SHOW COLUMNS FROM `knowledge` [ RunTime:0.0030s ]
SQL: SELECT * FROM `knowledge` WHERE ( id=5 ) LIMIT 1   [ RunTime:0.0000s ]
SQL: UPDATE `knowledge` SET `zan_member_name`='xcm##xcj##xcj',`zan_member_id`='1##11' WHERE ( id=5 ) [ RunTime:0.0000s ]
INFO: [ app_end ] --START--
INFO: Run Behavior\ShowPageTraceBehavior [ RunTime:0.001000s ]
INFO: [ app_end ] --END-- [ RunTime:0.001000s ]

[ 2017-04-25T11:36:13+08:00 ] 127.0.0.1 /index.php/Home/Index/jianZan.html
INFO: [ app_begin ] --START--
INFO: Run Behavior\ReadHtmlCacheBehavior [ RunTime:0.001000s ]
INFO: [ app_begin ] --END-- [ RunTime:0.002000s ]
SQL: SHOW COLUMNS FROM `knowledge` [ RunTime:0.0040s ]
SQL: SELECT * FROM `knowledge` WHERE ( id=5 ) LIMIT 1   [ RunTime:0.0010s ]
NOTIC: [8] Undefined offset: 1 G:\xcm.party\Application\Home\Controller\IndexController.class.php 第 395 行.
NOTIC: [8] Undefined offset: 1 G:\xcm.party\Application\Home\Controller\IndexController.class.php 第 395 行.
SQL: UPDATE `knowledge` SET `zan_member_id`='1',`zan_member_name`='xcm##xcj##xcj' WHERE ( id=5 ) [ RunTime:0.0000s ]
INFO: [ app_end ] --START--
INFO: Run Behavior\ShowPageTraceBehavior [ RunTime:0.001000s ]
INFO: [ app_end ] --END-- [ RunTime:0.001000s ]

[ 2017-04-25T11:36:15+08:00 ] 127.0.0.1 /index.php/Home/Index/saveZan.html
INFO: [ app_begin ] --START--
INFO: Run Behavior\ReadHtmlCacheBehavior [ RunTime:0.001000s ]
INFO: [ app_begin ] --END-- [ RunTime:0.003000s ]
SQL: SHOW COLUMNS FROM `user` [ RunTime:0.0030s ]
SQL: SELECT `name` FROM `user` WHERE ( id=11 ) LIMIT 1   [ RunTime:0.0000s ]
SQL: SHOW COLUMNS FROM `knowledge` [ RunTime:0.0030s ]
SQL: SELECT * FROM `knowledge` WHERE ( id=5 ) LIMIT 1   [ RunTime:0.0000s ]
SQL: UPDATE `knowledge` SET `zan_member_name`='xcm##xcj##xcj##xcj',`zan_member_id`='1##11' WHERE ( id=5 ) [ RunTime:0.0000s ]
INFO: [ app_end ] --START--
INFO: Run Behavior\ShowPageTraceBehavior [ RunTime:0.001000s ]
INFO: [ app_end ] --END-- [ RunTime:0.001000s ]

[ 2017-04-25T11:36:25+08:00 ] 127.0.0.1 /index.php/Home/Index/saveZan.html
INFO: [ app_begin ] --START--
INFO: Run Behavior\ReadHtmlCacheBehavior [ RunTime:0.002000s ]
INFO: [ app_begin ] --END-- [ RunTime:0.004000s ]
SQL: SHOW COLUMNS FROM `user` [ RunTime:0.0020s ]
SQL: SELECT `name` FROM `user` WHERE ( id=11 ) LIMIT 1   [ RunTime:0.0000s ]
SQL: SHOW COLUMNS FROM `knowledge` [ RunTime:0.0030s ]
SQL: SELECT * FROM `knowledge` WHERE ( id=6 ) LIMIT 1   [ RunTime:0.0010s ]
SQL: UPDATE `knowledge` SET `zan_member_name`='xcm##徐昌茂##xcj',`zan_member_id`='1##9##11' WHERE ( id=6 ) [ RunTime:0.0010s ]
INFO: [ app_end ] --START--
INFO: Run Behavior\ShowPageTraceBehavior [ RunTime:0.000000s ]
INFO: [ app_end ] --END-- [ RunTime:0.002000s ]

[ 2017-04-25T11:36:26+08:00 ] 127.0.0.1 /index.php/Home/Index/jianZan.html
INFO: [ app_begin ] --START--
INFO: Run Behavior\ReadHtmlCacheBehavior [ RunTime:0.001000s ]
INFO: [ app_begin ] --END-- [ RunTime:0.002000s ]
SQL: SHOW COLUMNS FROM `knowledge` [ RunTime:0.0030s ]
SQL: SELECT * FROM `knowledge` WHERE ( id=6 ) LIMIT 1   [ RunTime:0.0000s ]
NOTIC: [8] Undefined offset: 2 G:\xcm.party\Application\Home\Controller\IndexController.class.php 第 395 行.
NOTIC: [8] Undefined offset: 2 G:\xcm.party\Application\Home\Controller\IndexController.class.php 第 395 行.
SQL: UPDATE `knowledge` SET `zan_member_id`='1##9',`zan_member_name`='xcm##徐昌茂##xcj' WHERE ( id=6 ) [ RunTime:0.0010s ]
INFO: [ app_end ] --START--
INFO: Run Behavior\ShowPageTraceBehavior [ RunTime:0.001000s ]
INFO: [ app_end ] --END-- [ RunTime:0.002000s ]

[ 2017-04-25T11:36:27+08:00 ] 127.0.0.1 /index.php/Home/Index/saveZan.html
INFO: [ app_begin ] --START--
INFO: Run Behavior\ReadHtmlCacheBehavior [ RunTime:0.001000s ]
INFO: [ app_begin ] --END-- [ RunTime:0.003000s ]
SQL: SHOW COLUMNS FROM `user` [ RunTime:0.0060s ]
SQL: SELECT `name` FROM `user` WHERE ( id=11 ) LIMIT 1   [ RunTime:0.0000s ]
SQL: SHOW COLUMNS FROM `knowledge` [ RunTime:0.0030s ]
SQL: SELECT * FROM `knowledge` WHERE ( id=6 ) LIMIT 1   [ RunTime:0.0010s ]
SQL: UPDATE `knowledge` SET `zan_member_name`='xcm##徐昌茂##xcj##xcj',`zan_member_id`='1##9##11' WHERE ( id=6 ) [ RunTime:0.0010s ]
INFO: [ app_end ] --START--
INFO: Run Behavior\ShowPageTraceBehavior [ RunTime:0.000000s ]
INFO: [ app_end ] --END-- [ RunTime:0.002000s ]

[ 2017-04-25T11:36:27+08:00 ] 127.0.0.1 /index.php/Home/Index/jianZan.html
INFO: [ app_begin ] --START--
INFO: Run Behavior\ReadHtmlCacheBehavior [ RunTime:0.001000s ]
INFO: [ app_begin ] --END-- [ RunTime:0.001000s ]
SQL: SHOW COLUMNS FROM `knowledge` [ RunTime:0.0030s ]
SQL: SELECT * FROM `knowledge` WHERE ( id=6 ) LIMIT 1   [ RunTime:0.0010s ]
NOTIC: [8] Undefined offset: 2 G:\xcm.party\Application\Home\Controller\IndexController.class.php 第 395 行.
NOTIC: [8] Undefined offset: 2 G:\xcm.party\Application\Home\Controller\IndexController.class.php 第 395 行.
NOTIC: [8] Undefined offset: 2 G:\xcm.party\Application\Home\Controller\IndexController.class.php 第 395 行.
SQL: UPDATE `knowledge` SET `zan_member_id`='1##9',`zan_member_name`='xcm##徐昌茂##xcj##xcj' WHERE ( id=6 ) [ RunTime:0.0000s ]
INFO: [ app_end ] --START--
INFO: Run Behavior\ShowPageTraceBehavior [ RunTime:0.000000s ]
INFO: [ app_end ] --END-- [ RunTime:0.001000s ]

