[ 2017-04-19T10:48:44+08:00 ] 127.0.0.1 /index.php/Home/Index/studentHtml.html
INFO: [ app_begin ] --START--
INFO: Run Behavior\ReadHtmlCacheBehavior [ RunTime:0.001000s ]
INFO: [ app_begin ] --END-- [ RunTime:0.002000s ]

[ 2017-04-19T11:20:06+08:00 ] 127.0.0.1 /index.php/Home/Index/admin.html
INFO: [ app_begin ] --START--
INFO: Run Behavior\ReadHtmlCacheBehavior [ RunTime:0.000000s ]
INFO: [ app_begin ] --END-- [ RunTime:0.002000s ]

[ 2017-04-19T11:20:58+08:00 ] 127.0.0.1 /index.php/Home/Index/admin.html
INFO: [ app_begin ] --START--
INFO: Run Behavior\ReadHtmlCacheBehavior [ RunTime:0.001000s ]
INFO: [ app_begin ] --END-- [ RunTime:0.002000s ]

[ 2017-04-19T11:27:09+08:00 ] 127.0.0.1 /index.php/Home/Index/admin.html
INFO: [ app_begin ] --START--
INFO: Run Behavior\ReadHtmlCacheBehavior [ RunTime:0.001000s ]
INFO: [ app_begin ] --END-- [ RunTime:0.002000s ]

[ 2017-04-19T11:27:16+08:00 ] 127.0.0.1 /index.php/Home/Index/admin.html
INFO: [ app_begin ] --START--
INFO: Run Behavior\ReadHtmlCacheBehavior [ RunTime:0.002000s ]
INFO: [ app_begin ] --END-- [ RunTime:0.003000s ]

[ 2017-04-19T13:54:40+08:00 ] 127.0.0.1 /index.php/Home/Index/addSay.html
INFO: [ app_begin ] --START--
INFO: Run Behavior\ReadHtmlCacheBehavior [ RunTime:0.001000s ]
INFO: [ app_begin ] --END-- [ RunTime:0.001000s ]
INFO: [ app_end ] --START--
INFO: Run Behavior\ShowPageTraceBehavior [ RunTime:0.001000s ]
INFO: [ app_end ] --END-- [ RunTime:0.001000s ]

[ 2017-04-19T14:02:43+08:00 ] 127.0.0.1 /index.php/Home/Index/addSay.html
INFO: [ app_begin ] --START--
INFO: Run Behavior\ReadHtmlCacheBehavior [ RunTime:0.001000s ]
INFO: [ app_begin ] --END-- [ RunTime:0.003000s ]

[ 2017-04-19T14:03:14+08:00 ] 127.0.0.1 /index.php/Home/Index/addSay.html
INFO: [ app_begin ] --START--
INFO: Run Behavior\ReadHtmlCacheBehavior [ RunTime:0.001000s ]
INFO: [ app_begin ] --END-- [ RunTime:0.003000s ]
INFO: [ app_end ] --START--
INFO: Run Behavior\ShowPageTraceBehavior [ RunTime:0.001000s ]
INFO: [ app_end ] --END-- [ RunTime:0.002000s ]

[ 2017-04-19T14:15:05+08:00 ] 127.0.0.1 /index.php/Home/Index/addSay.html
INFO: [ app_begin ] --START--
INFO: Run Behavior\ReadHtmlCacheBehavior [ RunTime:0.002000s ]
INFO: [ app_begin ] --END-- [ RunTime:0.003000s ]
INFO: [ app_end ] --START--
INFO: Run Behavior\ShowPageTraceBehavior [ RunTime:0.002000s ]
INFO: [ app_end ] --END-- [ RunTime:0.005000s ]

[ 2017-04-19T14:16:22+08:00 ] 127.0.0.1 /index.php/Home/Index/addSay.html
INFO: [ app_begin ] --START--
INFO: Run Behavior\ReadHtmlCacheBehavior [ RunTime:0.001000s ]
INFO: [ app_begin ] --END-- [ RunTime:0.002000s ]
INFO: [ app_end ] --START--
INFO: Run Behavior\ShowPageTraceBehavior [ RunTime:0.001000s ]
INFO: [ app_end ] --END-- [ RunTime:0.003000s ]

[ 2017-04-19T14:17:41+08:00 ] 127.0.0.1 /index.php/Home/Index/addSay.html
INFO: [ app_begin ] --START--
INFO: Run Behavior\ReadHtmlCacheBehavior [ RunTime:0.000000s ]
INFO: [ app_begin ] --END-- [ RunTime:0.002000s ]
SQL: SHOW COLUMNS FROM `user` [ RunTime:0.0030s ]
SQL: SELECT `name` FROM `user` WHERE ( id=1 ) LIMIT 1   [ RunTime:0.0000s ]
INFO: [ app_end ] --START--
INFO: Run Behavior\ShowPageTraceBehavior [ RunTime:0.001000s ]
INFO: [ app_end ] --END-- [ RunTime:0.002000s ]

[ 2017-04-19T14:18:38+08:00 ] 127.0.0.1 /index.php/Home/Index/addSay.html
INFO: [ app_begin ] --START--
INFO: Run Behavior\ReadHtmlCacheBehavior [ RunTime:0.001000s ]
INFO: [ app_begin ] --END-- [ RunTime:0.003000s ]
SQL: SHOW COLUMNS FROM `user` [ RunTime:0.0030s ]
SQL: SELECT `name` FROM `user` WHERE ( id=1 ) LIMIT 1   [ RunTime:0.0010s ]
INFO: [ app_end ] --START--
INFO: Run Behavior\ShowPageTraceBehavior [ RunTime:0.001000s ]
INFO: [ app_end ] --END-- [ RunTime:0.002000s ]

[ 2017-04-19T14:19:33+08:00 ] 127.0.0.1 /index.php/Home/Index/addSay.html
INFO: [ app_begin ] --START--
INFO: Run Behavior\ReadHtmlCacheBehavior [ RunTime:0.000000s ]
INFO: [ app_begin ] --END-- [ RunTime:0.002000s ]
SQL: SHOW COLUMNS FROM `user` [ RunTime:0.0050s ]
SQL: SELECT `name` FROM `user` WHERE ( id=1 ) LIMIT 1   [ RunTime:0.0010s ]
SQL: SHOW COLUMNS FROM `sayknowledge` [ RunTime:0.0040s ]
SQL: INSERT INTO `sayknowledge` (`sayInfo`,`sayMemberId`,`knowledgeId`,`create_time`,`sayMemberName`) VALUES ('说得太好了','1','4','2017-04-19 02:33:19','xcm') [ RunTime:0.0010s ]
INFO: [ app_end ] --START--
INFO: Run Behavior\ShowPageTraceBehavior [ RunTime:0.000000s ]
INFO: [ app_end ] --END-- [ RunTime:0.002000s ]

[ 2017-04-19T14:21:42+08:00 ] 127.0.0.1 /index.php/Home/Index/addSay.html
INFO: [ app_begin ] --START--
INFO: Run Behavior\ReadHtmlCacheBehavior [ RunTime:0.001000s ]
INFO: [ app_begin ] --END-- [ RunTime:0.003000s ]
SQL: SHOW COLUMNS FROM `user` [ RunTime:0.0060s ]
SQL: SELECT `name` FROM `user` WHERE ( id=1 ) LIMIT 1   [ RunTime:0.0010s ]
SQL: SHOW COLUMNS FROM `sayknowledge` [ RunTime:0.0050s ]
SQL: INSERT INTO `sayknowledge` (`sayInfo`,`sayMemberId`,`knowledgeId`,`create_time`,`sayMemberName`) VALUES ('你好啊','1','4','2017-04-19 02:42:21','xcm') [ RunTime:0.0000s ]

[ 2017-04-19T14:31:27+08:00 ] 127.0.0.1 /index.php/Home/Index/addSay.html
INFO: [ app_begin ] --START--
INFO: Run Behavior\ReadHtmlCacheBehavior [ RunTime:0.001000s ]
INFO: [ app_begin ] --END-- [ RunTime:0.002000s ]
SQL: SHOW COLUMNS FROM `user` [ RunTime:0.0040s ]
SQL: SELECT `name` FROM `user` WHERE ( id=1 ) LIMIT 1   [ RunTime:0.0000s ]
SQL: SHOW COLUMNS FROM `sayknowledge` [ RunTime:0.0030s ]
SQL: INSERT INTO `sayknowledge` (`sayInfo`,`sayMemberId`,`knowledgeId`,`create_time`,`sayMemberName`) VALUES ('说的好','1','4','2017-04-19 02:27:31','xcm') [ RunTime:0.0010s ]

[ 2017-04-19T14:31:55+08:00 ] 127.0.0.1 /index.php/Home/Index/addSay.html
INFO: [ app_begin ] --START--
INFO: Run Behavior\ReadHtmlCacheBehavior [ RunTime:0.001000s ]
INFO: [ app_begin ] --END-- [ RunTime:0.003000s ]
SQL: SHOW COLUMNS FROM `user` [ RunTime:0.0040s ]
SQL: SELECT `name` FROM `user` WHERE ( id=1 ) LIMIT 1   [ RunTime:0.0010s ]
SQL: SHOW COLUMNS FROM `sayknowledge` [ RunTime:0.0030s ]
SQL: INSERT INTO `sayknowledge` (`sayInfo`,`sayMemberId`,`knowledgeId`,`create_time`,`sayMemberName`) VALUES ('写得好','1','4','2017-04-19 02:55:31','xcm') [ RunTime:0.0010s ]

[ 2017-04-19T14:34:17+08:00 ] 127.0.0.1 /index.php/Home/Index/addSay.html
INFO: [ app_begin ] --START--
INFO: Run Behavior\ReadHtmlCacheBehavior [ RunTime:0.001000s ]
INFO: [ app_begin ] --END-- [ RunTime:0.003000s ]
SQL: SHOW COLUMNS FROM `user` [ RunTime:0.0060s ]
SQL: SELECT `name` FROM `user` WHERE ( id=1 ) LIMIT 1   [ RunTime:0.0010s ]
SQL: SHOW COLUMNS FROM `sayknowledge` [ RunTime:0.0040s ]
SQL: INSERT INTO `sayknowledge` (`sayInfo`,`sayMemberId`,`knowledgeId`,`create_time`,`sayMemberName`) VALUES ('些的啊','1','4','2017-04-19 02:17:34','xcm') [ RunTime:0.0010s ]

[ 2017-04-19T14:46:19+08:00 ] 127.0.0.1 /index.php/Home/Index/knowledgeShow.html?id=4
ERR: 1054:Unknown column 'knowledgeId' in 'where clause'
 [ SQL语句 ] : SELECT * FROM `sayknowledge` WHERE ( knowledgeId=4 ) 

[ 2017-04-19T14:48:22+08:00 ] 127.0.0.1 /index.php/Home/Index/addSay.html
INFO: [ app_begin ] --START--
INFO: Run Behavior\ReadHtmlCacheBehavior [ RunTime:0.001000s ]
INFO: [ app_begin ] --END-- [ RunTime:0.002000s ]
NOTIC: [8] Undefined index: sayMember_id G:\xcm.party\Application\Home\Controller\IndexController.class.php 第 299 行.
INFO: [ app_end ] --START--
INFO: Run Behavior\ShowPageTraceBehavior [ RunTime:0.002000s ]
INFO: [ app_end ] --END-- [ RunTime:0.002000s ]

[ 2017-04-19T14:48:34+08:00 ] 127.0.0.1 /index.php/Home/Index/addSay.html
INFO: [ app_begin ] --START--
INFO: Run Behavior\ReadHtmlCacheBehavior [ RunTime:0.000000s ]
INFO: [ app_begin ] --END-- [ RunTime:0.001000s ]
NOTIC: [8] Undefined index: sayMember_id G:\xcm.party\Application\Home\Controller\IndexController.class.php 第 299 行.
INFO: [ app_end ] --START--
INFO: Run Behavior\ShowPageTraceBehavior [ RunTime:0.000000s ]
INFO: [ app_end ] --END-- [ RunTime:0.001000s ]

[ 2017-04-19T14:50:18+08:00 ] 127.0.0.1 /index.php/Home/Index/addSay.html
INFO: [ app_begin ] --START--
INFO: Run Behavior\ReadHtmlCacheBehavior [ RunTime:0.001000s ]
INFO: [ app_begin ] --END-- [ RunTime:0.001000s ]
NOTIC: [8] Undefined index: sayMember_id G:\xcm.party\Application\Home\Controller\IndexController.class.php 第 299 行.
INFO: [ app_end ] --START--
INFO: Run Behavior\ShowPageTraceBehavior [ RunTime:0.001000s ]
INFO: [ app_end ] --END-- [ RunTime:0.002000s ]

[ 2017-04-19T14:50:43+08:00 ] 127.0.0.1 /index.php/Home/Index/addSay.html
INFO: [ app_begin ] --START--
INFO: Run Behavior\ReadHtmlCacheBehavior [ RunTime:0.001000s ]
INFO: [ app_begin ] --END-- [ RunTime:0.002000s ]

[ 2017-04-19T14:51:13+08:00 ] 127.0.0.1 /index.php/Home/Index/addSay.html
INFO: [ app_begin ] --START--
INFO: Run Behavior\ReadHtmlCacheBehavior [ RunTime:0.000000s ]
INFO: [ app_begin ] --END-- [ RunTime:0.003000s ]
SQL: SHOW COLUMNS FROM `user` [ RunTime:0.0020s ]
SQL: SELECT `name` FROM `user` WHERE ( id=1 ) LIMIT 1   [ RunTime:0.0020s ]

[ 2017-04-19T14:51:25+08:00 ] 127.0.0.1 /index.php/Home/Index/addSay.html
INFO: [ app_begin ] --START--
INFO: Run Behavior\ReadHtmlCacheBehavior [ RunTime:0.000000s ]
INFO: [ app_begin ] --END-- [ RunTime:0.002000s ]
SQL: SHOW COLUMNS FROM `user` [ RunTime:0.0040s ]
SQL: SELECT `name` FROM `user` WHERE ( id=1 ) LIMIT 1   [ RunTime:0.0010s ]
SQL: SHOW COLUMNS FROM `sayknowledge` [ RunTime:0.0030s ]
SQL: INSERT INTO `sayknowledge` (`say_info`,`say_member_id`,`knowledge_id`,`create_time`,`say_member_name`) VALUES ('写得一般般','1','4','2017-04-19 02:25:51','xcm') [ RunTime:0.0010s ]

[ 2017-04-19T14:53:40+08:00 ] 127.0.0.1 /index.php/Home/Index/addSay.html
INFO: [ app_begin ] --START--
INFO: Run Behavior\ReadHtmlCacheBehavior [ RunTime:0.000000s ]
INFO: [ app_begin ] --END-- [ RunTime:0.002000s ]
SQL: SHOW COLUMNS FROM `user` [ RunTime:0.0050s ]
SQL: SELECT `name` FROM `user` WHERE ( id=1 ) LIMIT 1   [ RunTime:0.0010s ]
SQL: SHOW COLUMNS FROM `sayknowledge` [ RunTime:0.0040s ]
SQL: INSERT INTO `sayknowledge` (`say_info`,`say_member_id`,`knowledge_id`,`create_time`,`say_member_name`) VALUES ('大侠','1','4','2017-04-19 02:40:53','xcm') [ RunTime:0.0010s ]

[ 2017-04-19T15:06:47+08:00 ] 127.0.0.1 /index.php/Home/Index/knowledgeAdd.html
INFO: [ app_begin ] --START--
INFO: Run Behavior\ReadHtmlCacheBehavior [ RunTime:0.001000s ]
INFO: [ app_begin ] --END-- [ RunTime:0.002000s ]
SQL: SHOW COLUMNS FROM `knowledge` [ RunTime:0.0050s ]
SQL: INSERT INTO `knowledge` (`name`,`info`,`study`,`create_time`,`update_time`) VALUES ('文字变色','color: red','CSS','2017-04-19 03:47:06','2017-04-19 03:47:06') [ RunTime:0.0020s ]

[ 2017-04-19T15:13:25+08:00 ] 127.0.0.1 /index.php/Home/Index/knowledgeAdd.html
INFO: [ app_begin ] --START--
INFO: Run Behavior\ReadHtmlCacheBehavior [ RunTime:0.001000s ]
INFO: [ app_begin ] --END-- [ RunTime:0.003000s ]
SQL: SHOW COLUMNS FROM `user` [ RunTime:0.0040s ]
SQL: SELECT `name` FROM `user` WHERE ( id=1 ) LIMIT 1   [ RunTime:0.0020s ]
SQL: SHOW COLUMNS FROM `knowledge` [ RunTime:0.0050s ]
SQL: INSERT INTO `knowledge` (`name`,`info`,`study`,`create_time`,`update_time`,`send_member_id`,`send_member_name`) VALUES ('div动画效果(变大)','transform:scale(2) rotate(0deg);
\'2\'代表放大原div尺寸两倍;
\'0deg\'代表旋转0度;','CSS','2017-04-19 03:25:13','2017-04-19 03:25:13','1','xcm') [ RunTime:0.0010s ]

[ 2017-04-19T15:18:47+08:00 ] 127.0.0.1 /index.php/Home/Index/addSay.html
INFO: [ app_begin ] --START--
INFO: Run Behavior\ReadHtmlCacheBehavior [ RunTime:0.000000s ]
INFO: [ app_begin ] --END-- [ RunTime:0.001000s ]
SQL: SHOW COLUMNS FROM `user` [ RunTime:0.0040s ]
SQL: SELECT `name` FROM `user` WHERE ( id=1 ) LIMIT 1   [ RunTime:0.0000s ]
SQL: SHOW COLUMNS FROM `sayknowledge` [ RunTime:0.0040s ]
SQL: INSERT INTO `sayknowledge` (`say_info`,`say_member_id`,`knowledge_id`,`create_time`,`say_member_name`) VALUES ('你好','1','6','2017-04-19 03:47:18','xcm') [ RunTime:0.0040s ]

[ 2017-04-19T15:19:54+08:00 ] 127.0.0.1 /index.php/Home/Index/addSay.html
INFO: [ app_begin ] --START--
INFO: Run Behavior\ReadHtmlCacheBehavior [ RunTime:0.001000s ]
INFO: [ app_begin ] --END-- [ RunTime:0.001000s ]
SQL: SHOW COLUMNS FROM `user` [ RunTime:0.0040s ]
SQL: SELECT `name` FROM `user` WHERE ( id=1 ) LIMIT 1   [ RunTime:0.0010s ]
SQL: SHOW COLUMNS FROM `sayknowledge` [ RunTime:0.0030s ]
SQL: INSERT INTO `sayknowledge` (`say_info`,`say_member_id`,`knowledge_id`,`create_time`,`say_member_name`) VALUES ('发送','1','6','2017-04-19 03:54:19','xcm') [ RunTime:0.0010s ]

[ 2017-04-19T15:27:13+08:00 ] 127.0.0.1 /index.php/Home/Index/knowledgeShow.html?id=6
ERR: 1064:You have an error in your SQL syntax; check the manual that corresponds to your MySQL server version for the right syntax to use near 'WHERE ( id=6 )' at line 1
 [ SQL语句 ] : UPDATE `knowledge` SET  WHERE ( id=6 )

[ 2017-04-19T15:47:03+08:00 ] 127.0.0.1 /index.php/Home/Index/saveZan.html
INFO: [ app_begin ] --START--
INFO: Run Behavior\ReadHtmlCacheBehavior [ RunTime:0.001000s ]
INFO: [ app_begin ] --END-- [ RunTime:0.003000s ]
SQL: SHOW COLUMNS FROM `user` [ RunTime:0.0040s ]
SQL: SELECT `name` FROM `user` WHERE ( id=1 ) LIMIT 1   [ RunTime:0.0010s ]
SQL: SHOW COLUMNS FROM `knowledge` [ RunTime:0.0030s ]
SQL: SELECT * FROM `knowledge` WHERE ( id=5 ) LIMIT 1   [ RunTime:0.0000s ]

[ 2017-04-19T15:50:43+08:00 ] 127.0.0.1 /index.php/Home/Index/saveZan.html
INFO: [ app_begin ] --START--
INFO: Run Behavior\ReadHtmlCacheBehavior [ RunTime:0.001000s ]
INFO: [ app_begin ] --END-- [ RunTime:0.002000s ]
SQL: SHOW COLUMNS FROM `user` [ RunTime:0.0050s ]
SQL: SELECT `name` FROM `user` WHERE ( id=1 ) LIMIT 1   [ RunTime:0.0000s ]
SQL: SHOW COLUMNS FROM `knowledge` [ RunTime:0.0030s ]
SQL: SELECT * FROM `knowledge` WHERE ( id=5 ) LIMIT 1   [ RunTime:0.0000s ]
SQL: UPDATE `knowledge` SET `zan_member_name`='xcm',`zan_member_id`='1' WHERE ( id=5 ) [ RunTime:0.0000s ]
INFO: [ app_end ] --START--
INFO: Run Behavior\ShowPageTraceBehavior [ RunTime:0.001000s ]
INFO: [ app_end ] --END-- [ RunTime:0.003000s ]

[ 2017-04-19T15:51:00+08:00 ] 127.0.0.1 /index.php/Home/Index/saveZan.html
INFO: [ app_begin ] --START--
INFO: Run Behavior\ReadHtmlCacheBehavior [ RunTime:0.001000s ]
INFO: [ app_begin ] --END-- [ RunTime:0.002000s ]
SQL: SHOW COLUMNS FROM `user` [ RunTime:0.0060s ]
SQL: SELECT `name` FROM `user` WHERE ( id=1 ) LIMIT 1   [ RunTime:0.0010s ]
SQL: SHOW COLUMNS FROM `knowledge` [ RunTime:0.0030s ]
SQL: SELECT * FROM `knowledge` WHERE ( id=5 ) LIMIT 1   [ RunTime:0.0000s ]
SQL: UPDATE `knowledge` SET `zan_member_name`='xcm##xcm',`zan_member_id`='1##1' WHERE ( id=5 ) [ RunTime:0.0000s ]
INFO: [ app_end ] --START--
INFO: Run Behavior\ShowPageTraceBehavior [ RunTime:0.001000s ]
INFO: [ app_end ] --END-- [ RunTime:0.001000s ]

[ 2017-04-19T15:52:29+08:00 ] 127.0.0.1 /index.php/Home/Index/saveZan.html
INFO: [ app_begin ] --START--
INFO: Run Behavior\ReadHtmlCacheBehavior [ RunTime:0.000000s ]
INFO: [ app_begin ] --END-- [ RunTime:0.002000s ]
SQL: SHOW COLUMNS FROM `user` [ RunTime:0.0060s ]
SQL: SELECT `name` FROM `user` WHERE ( id=1 ) LIMIT 1   [ RunTime:0.0010s ]
SQL: SHOW COLUMNS FROM `knowledge` [ RunTime:0.0030s ]
SQL: SELECT * FROM `knowledge` WHERE ( id=5 ) LIMIT 1   [ RunTime:0.0010s ]

[ 2017-04-19T15:54:35+08:00 ] 127.0.0.1 /index.php/Home/Index/saveZan.html
INFO: [ app_begin ] --START--
INFO: Run Behavior\ReadHtmlCacheBehavior [ RunTime:0.001000s ]
INFO: [ app_begin ] --END-- [ RunTime:0.001000s ]
SQL: SHOW COLUMNS FROM `user` [ RunTime:0.0030s ]
SQL: SELECT `name` FROM `user` WHERE ( id=1 ) LIMIT 1   [ RunTime:0.0010s ]
SQL: SHOW COLUMNS FROM `knowledge` [ RunTime:0.0030s ]
SQL: SELECT * FROM `knowledge` WHERE ( id=5 ) LIMIT 1   [ RunTime:0.0010s ]
INFO: [ app_end ] --START--
INFO: Run Behavior\ShowPageTraceBehavior [ RunTime:0.001000s ]
INFO: [ app_end ] --END-- [ RunTime:0.001000s ]

[ 2017-04-19T16:40:17+08:00 ] 127.0.0.1 /index.php/Home/Index/knowledgeShow.html?id=5
ERR: 1064:You have an error in your SQL syntax; check the manual that corresponds to your MySQL server version for the right syntax to use near ') LIMIT 1' at line 1
 [ SQL语句 ] : SELECT `name` FROM `user` WHERE ( id= ) LIMIT 1  

[ 2017-04-19T16:40:42+08:00 ] 127.0.0.1 /index.php/Home/Index/knowledgeShow.html?id=5
ERR: 1064:You have an error in your SQL syntax; check the manual that corresponds to your MySQL server version for the right syntax to use near ') LIMIT 1' at line 1
 [ SQL语句 ] : SELECT `name` FROM `user` WHERE ( id= ) LIMIT 1  

[ 2017-04-19T16:40:43+08:00 ] 127.0.0.1 /index.php/Home/Index/knowledgeShow.html?id=5
ERR: 1064:You have an error in your SQL syntax; check the manual that corresponds to your MySQL server version for the right syntax to use near ') LIMIT 1' at line 1
 [ SQL语句 ] : SELECT `name` FROM `user` WHERE ( id= ) LIMIT 1  

[ 2017-04-19T16:40:44+08:00 ] 127.0.0.1 /index.php/Home/Index/knowledgeShow.html?id=5
ERR: 1064:You have an error in your SQL syntax; check the manual that corresponds to your MySQL server version for the right syntax to use near ') LIMIT 1' at line 1
 [ SQL语句 ] : SELECT `name` FROM `user` WHERE ( id= ) LIMIT 1  

[ 2017-04-19T16:44:56+08:00 ] 127.0.0.1 /index.php/Home/Index/saveZan.html
INFO: [ app_begin ] --START--
INFO: Run Behavior\ReadHtmlCacheBehavior [ RunTime:0.001000s ]
INFO: [ app_begin ] --END-- [ RunTime:0.002000s ]
SQL: SHOW COLUMNS FROM `user` [ RunTime:0.0030s ]
SQL: SELECT `name` FROM `user` WHERE ( id=1 ) LIMIT 1   [ RunTime:0.0000s ]
SQL: SHOW COLUMNS FROM `knowledge` [ RunTime:0.0040s ]
SQL: SELECT * FROM `knowledge` WHERE ( id=5 ) LIMIT 1   [ RunTime:0.0010s ]
INFO: [ app_end ] --START--
INFO: Run Behavior\ShowPageTraceBehavior [ RunTime:0.000000s ]
INFO: [ app_end ] --END-- [ RunTime:0.001000s ]

[ 2017-04-19T16:44:58+08:00 ] 127.0.0.1 /index.php/Home/Index/saveZan.html
INFO: [ app_begin ] --START--
INFO: Run Behavior\ReadHtmlCacheBehavior [ RunTime:0.000000s ]
INFO: [ app_begin ] --END-- [ RunTime:0.001000s ]
SQL: SHOW COLUMNS FROM `user` [ RunTime:0.0030s ]
SQL: SELECT `name` FROM `user` WHERE ( id=1 ) LIMIT 1   [ RunTime:0.0000s ]
SQL: SHOW COLUMNS FROM `knowledge` [ RunTime:0.0040s ]
SQL: SELECT * FROM `knowledge` WHERE ( id=5 ) LIMIT 1   [ RunTime:0.0000s ]
INFO: [ app_end ] --START--
INFO: Run Behavior\ShowPageTraceBehavior [ RunTime:0.000000s ]
INFO: [ app_end ] --END-- [ RunTime:0.002000s ]

[ 2017-04-19T16:45:12+08:00 ] 127.0.0.1 /index.php/Home/Index/saveZan.html
INFO: [ app_begin ] --START--
INFO: Run Behavior\ReadHtmlCacheBehavior [ RunTime:0.001000s ]
INFO: [ app_begin ] --END-- [ RunTime:0.003000s ]
SQL: SHOW COLUMNS FROM `user` [ RunTime:0.0050s ]
SQL: SELECT `name` FROM `user` WHERE ( id=1 ) LIMIT 1   [ RunTime:0.0000s ]
SQL: SHOW COLUMNS FROM `knowledge` [ RunTime:0.0040s ]
SQL: SELECT * FROM `knowledge` WHERE ( id=5 ) LIMIT 1   [ RunTime:0.0010s ]
INFO: [ app_end ] --START--
INFO: Run Behavior\ShowPageTraceBehavior [ RunTime:0.001000s ]
INFO: [ app_end ] --END-- [ RunTime:0.002000s ]

[ 2017-04-19T16:45:24+08:00 ] 127.0.0.1 /index.php/Home/Index/saveZan.html
INFO: [ app_begin ] --START--
INFO: Run Behavior\ReadHtmlCacheBehavior [ RunTime:0.000000s ]
INFO: [ app_begin ] --END-- [ RunTime:0.001000s ]
SQL: SHOW COLUMNS FROM `user` [ RunTime:0.0040s ]
SQL: SELECT `name` FROM `user` WHERE ( id=1 ) LIMIT 1   [ RunTime:0.0000s ]
SQL: SHOW COLUMNS FROM `knowledge` [ RunTime:0.0040s ]
SQL: SELECT * FROM `knowledge` WHERE ( id=5 ) LIMIT 1   [ RunTime:0.0010s ]
INFO: [ app_end ] --START--
INFO: Run Behavior\ShowPageTraceBehavior [ RunTime:0.001000s ]
INFO: [ app_end ] --END-- [ RunTime:0.002000s ]

[ 2017-04-19T16:45:26+08:00 ] 127.0.0.1 /index.php/Home/Index/saveZan.html
INFO: [ app_begin ] --START--
INFO: Run Behavior\ReadHtmlCacheBehavior [ RunTime:0.001000s ]
INFO: [ app_begin ] --END-- [ RunTime:0.002000s ]
SQL: SHOW COLUMNS FROM `user` [ RunTime:0.0030s ]
SQL: SELECT `name` FROM `user` WHERE ( id=1 ) LIMIT 1   [ RunTime:0.0010s ]
SQL: SHOW COLUMNS FROM `knowledge` [ RunTime:0.0030s ]
SQL: SELECT * FROM `knowledge` WHERE ( id=5 ) LIMIT 1   [ RunTime:0.0000s ]
INFO: [ app_end ] --START--
INFO: Run Behavior\ShowPageTraceBehavior [ RunTime:0.001000s ]
INFO: [ app_end ] --END-- [ RunTime:0.001000s ]

[ 2017-04-19T16:46:01+08:00 ] 127.0.0.1 /index.php/Home/Index/saveZan.html
INFO: [ app_begin ] --START--
INFO: Run Behavior\ReadHtmlCacheBehavior [ RunTime:0.001000s ]
INFO: [ app_begin ] --END-- [ RunTime:0.002000s ]
SQL: SHOW COLUMNS FROM `user` [ RunTime:0.0020s ]
SQL: SELECT `name` FROM `user` WHERE ( id=1 ) LIMIT 1   [ RunTime:0.0000s ]
SQL: SHOW COLUMNS FROM `knowledge` [ RunTime:0.0030s ]
SQL: SELECT * FROM `knowledge` WHERE ( id=5 ) LIMIT 1   [ RunTime:0.0000s ]
INFO: [ app_end ] --START--
INFO: Run Behavior\ShowPageTraceBehavior [ RunTime:0.001000s ]
INFO: [ app_end ] --END-- [ RunTime:0.001000s ]

[ 2017-04-19T16:46:43+08:00 ] 127.0.0.1 /index.php/Home/Index/saveZan.html
INFO: [ app_begin ] --START--
INFO: Run Behavior\ReadHtmlCacheBehavior [ RunTime:0.000000s ]
INFO: [ app_begin ] --END-- [ RunTime:0.001000s ]
SQL: SHOW COLUMNS FROM `user` [ RunTime:0.0040s ]
SQL: SELECT `name` FROM `user` WHERE ( id=1 ) LIMIT 1   [ RunTime:0.0000s ]
SQL: SHOW COLUMNS FROM `knowledge` [ RunTime:0.0040s ]
SQL: SELECT * FROM `knowledge` WHERE ( id=5 ) LIMIT 1   [ RunTime:0.0010s ]
INFO: [ app_end ] --START--
INFO: Run Behavior\ShowPageTraceBehavior [ RunTime:0.001000s ]
INFO: [ app_end ] --END-- [ RunTime:0.002000s ]

[ 2017-04-19T16:47:35+08:00 ] 127.0.0.1 /index.php/Home/Index/saveZan.html
INFO: [ app_begin ] --START--
INFO: Run Behavior\ReadHtmlCacheBehavior [ RunTime:0.001000s ]
INFO: [ app_begin ] --END-- [ RunTime:0.002000s ]
SQL: SHOW COLUMNS FROM `user` [ RunTime:0.0040s ]
SQL: SELECT `name` FROM `user` WHERE ( id=1 ) LIMIT 1   [ RunTime:0.0020s ]
SQL: SHOW COLUMNS FROM `knowledge` [ RunTime:0.0040s ]
SQL: SELECT * FROM `knowledge` WHERE ( id=5 ) LIMIT 1   [ RunTime:0.0010s ]
INFO: [ app_end ] --START--
INFO: Run Behavior\ShowPageTraceBehavior [ RunTime:0.001000s ]
INFO: [ app_end ] --END-- [ RunTime:0.002000s ]

[ 2017-04-19T16:47:37+08:00 ] 127.0.0.1 /index.php/Home/Index/saveZan.html
INFO: [ app_begin ] --START--
INFO: Run Behavior\ReadHtmlCacheBehavior [ RunTime:0.001000s ]
INFO: [ app_begin ] --END-- [ RunTime:0.002000s ]
SQL: SHOW COLUMNS FROM `user` [ RunTime:0.0020s ]
SQL: SELECT `name` FROM `user` WHERE ( id=1 ) LIMIT 1   [ RunTime:0.0000s ]
SQL: SHOW COLUMNS FROM `knowledge` [ RunTime:0.0030s ]
SQL: SELECT * FROM `knowledge` WHERE ( id=5 ) LIMIT 1   [ RunTime:0.0010s ]
INFO: [ app_end ] --START--
INFO: Run Behavior\ShowPageTraceBehavior [ RunTime:0.001000s ]
INFO: [ app_end ] --END-- [ RunTime:0.001000s ]

[ 2017-04-19T16:47:49+08:00 ] 127.0.0.1 /index.php/Home/Index/saveZan.html
INFO: [ app_begin ] --START--
INFO: Run Behavior\ReadHtmlCacheBehavior [ RunTime:0.001000s ]
INFO: [ app_begin ] --END-- [ RunTime:0.003000s ]
SQL: SHOW COLUMNS FROM `user` [ RunTime:0.0060s ]
SQL: SELECT `name` FROM `user` WHERE ( id=1 ) LIMIT 1   [ RunTime:0.0010s ]
SQL: SHOW COLUMNS FROM `knowledge` [ RunTime:0.0030s ]
SQL: SELECT * FROM `knowledge` WHERE ( id=5 ) LIMIT 1   [ RunTime:0.0000s ]
INFO: [ app_end ] --START--
INFO: Run Behavior\ShowPageTraceBehavior [ RunTime:0.001000s ]
INFO: [ app_end ] --END-- [ RunTime:0.002000s ]

[ 2017-04-19T16:48:09+08:00 ] 127.0.0.1 /index.php/Home/Index/saveZan.html
INFO: [ app_begin ] --START--
INFO: Run Behavior\ReadHtmlCacheBehavior [ RunTime:0.001000s ]
INFO: [ app_begin ] --END-- [ RunTime:0.003000s ]
SQL: SHOW COLUMNS FROM `user` [ RunTime:0.0090s ]
SQL: SELECT `name` FROM `user` WHERE ( id=1 ) LIMIT 1   [ RunTime:0.0010s ]
SQL: SHOW COLUMNS FROM `knowledge` [ RunTime:0.0050s ]
SQL: SELECT * FROM `knowledge` WHERE ( id=5 ) LIMIT 1   [ RunTime:0.0030s ]
INFO: [ app_end ] --START--
INFO: Run Behavior\ShowPageTraceBehavior [ RunTime:0.001000s ]
INFO: [ app_end ] --END-- [ RunTime:0.002000s ]

[ 2017-04-19T17:02:35+08:00 ] 127.0.0.1 /index.php/Home/Index/saveZan.html
INFO: [ app_begin ] --START--
INFO: Run Behavior\ReadHtmlCacheBehavior [ RunTime:0.000000s ]
INFO: [ app_begin ] --END-- [ RunTime:0.001000s ]
SQL: SHOW COLUMNS FROM `user` [ RunTime:0.0030s ]
SQL: SELECT `name` FROM `user` WHERE ( id=1 ) LIMIT 1   [ RunTime:0.0000s ]
SQL: SHOW COLUMNS FROM `knowledge` [ RunTime:0.0030s ]
SQL: SELECT * FROM `knowledge` WHERE ( id=5 ) LIMIT 1   [ RunTime:0.0000s ]
INFO: [ app_end ] --START--
INFO: Run Behavior\ShowPageTraceBehavior [ RunTime:0.001000s ]
INFO: [ app_end ] --END-- [ RunTime:0.002000s ]

[ 2017-04-19T17:02:38+08:00 ] 127.0.0.1 /index.php/Home/Index/saveZan.html
INFO: [ app_begin ] --START--
INFO: Run Behavior\ReadHtmlCacheBehavior [ RunTime:0.001000s ]
INFO: [ app_begin ] --END-- [ RunTime:0.002000s ]
SQL: SHOW COLUMNS FROM `user` [ RunTime:0.0030s ]
SQL: SELECT `name` FROM `user` WHERE ( id=1 ) LIMIT 1   [ RunTime:0.0010s ]
SQL: SHOW COLUMNS FROM `knowledge` [ RunTime:0.0060s ]
SQL: SELECT * FROM `knowledge` WHERE ( id=5 ) LIMIT 1   [ RunTime:0.0010s ]
INFO: [ app_end ] --START--
INFO: Run Behavior\ShowPageTraceBehavior [ RunTime:0.001000s ]
INFO: [ app_end ] --END-- [ RunTime:0.001000s ]

[ 2017-04-19T17:09:21+08:00 ] 127.0.0.1 /index.php/Home/Index/saveZan.html
INFO: [ app_begin ] --START--
INFO: Run Behavior\ReadHtmlCacheBehavior [ RunTime:0.001000s ]
INFO: [ app_begin ] --END-- [ RunTime:0.001000s ]
SQL: SHOW COLUMNS FROM `user` [ RunTime:0.0050s ]
SQL: SELECT `name` FROM `user` WHERE ( id=1 ) LIMIT 1   [ RunTime:0.0000s ]
SQL: SHOW COLUMNS FROM `knowledge` [ RunTime:0.0040s ]
SQL: SELECT * FROM `knowledge` WHERE ( id=5 ) LIMIT 1   [ RunTime:0.0000s ]
INFO: [ app_end ] --START--
INFO: Run Behavior\ShowPageTraceBehavior [ RunTime:0.001000s ]
INFO: [ app_end ] --END-- [ RunTime:0.001000s ]

[ 2017-04-19T17:09:22+08:00 ] 127.0.0.1 /index.php/Home/Index/saveZan.html
INFO: [ app_begin ] --START--
INFO: Run Behavior\ReadHtmlCacheBehavior [ RunTime:0.001000s ]
INFO: [ app_begin ] --END-- [ RunTime:0.003000s ]
SQL: SHOW COLUMNS FROM `user` [ RunTime:0.0050s ]
SQL: SELECT `name` FROM `user` WHERE ( id=1 ) LIMIT 1   [ RunTime:0.0020s ]
SQL: SHOW COLUMNS FROM `knowledge` [ RunTime:0.0030s ]
SQL: SELECT * FROM `knowledge` WHERE ( id=5 ) LIMIT 1   [ RunTime:0.0020s ]
INFO: [ app_end ] --START--
INFO: Run Behavior\ShowPageTraceBehavior [ RunTime:0.002000s ]
INFO: [ app_end ] --END-- [ RunTime:0.004000s ]

[ 2017-04-19T17:09:23+08:00 ] 127.0.0.1 /index.php/Home/Index/saveZan.html
INFO: [ app_begin ] --START--
INFO: Run Behavior\ReadHtmlCacheBehavior [ RunTime:0.001000s ]
INFO: [ app_begin ] --END-- [ RunTime:0.001000s ]
SQL: SHOW COLUMNS FROM `user` [ RunTime:0.0060s ]
SQL: SELECT `name` FROM `user` WHERE ( id=1 ) LIMIT 1   [ RunTime:0.0010s ]
SQL: SHOW COLUMNS FROM `knowledge` [ RunTime:0.0050s ]
SQL: SELECT * FROM `knowledge` WHERE ( id=5 ) LIMIT 1   [ RunTime:0.0010s ]
INFO: [ app_end ] --START--
INFO: Run Behavior\ShowPageTraceBehavior [ RunTime:0.001000s ]
INFO: [ app_end ] --END-- [ RunTime:0.001000s ]

[ 2017-04-19T17:09:24+08:00 ] 127.0.0.1 /index.php/Home/Index/saveZan.html
INFO: [ app_begin ] --START--
INFO: Run Behavior\ReadHtmlCacheBehavior [ RunTime:0.001000s ]
INFO: [ app_begin ] --END-- [ RunTime:0.002000s ]
SQL: SHOW COLUMNS FROM `user` [ RunTime:0.0060s ]
SQL: SELECT `name` FROM `user` WHERE ( id=1 ) LIMIT 1   [ RunTime:0.0010s ]
SQL: SHOW COLUMNS FROM `knowledge` [ RunTime:0.0060s ]
SQL: SELECT * FROM `knowledge` WHERE ( id=5 ) LIMIT 1   [ RunTime:0.0010s ]
INFO: [ app_end ] --START--
INFO: Run Behavior\ShowPageTraceBehavior [ RunTime:0.001000s ]
INFO: [ app_end ] --END-- [ RunTime:0.002000s ]

[ 2017-04-19T17:13:25+08:00 ] 127.0.0.1 /index.php/Home/Index/saveZan.html
INFO: [ app_begin ] --START--
INFO: Run Behavior\ReadHtmlCacheBehavior [ RunTime:0.001000s ]
INFO: [ app_begin ] --END-- [ RunTime:0.002000s ]
SQL: SHOW COLUMNS FROM `user` [ RunTime:0.0040s ]
SQL: SELECT `name` FROM `user` WHERE ( id=1 ) LIMIT 1   [ RunTime:0.0010s ]
SQL: SHOW COLUMNS FROM `knowledge` [ RunTime:0.0040s ]
SQL: SELECT * FROM `knowledge` WHERE ( id=5 ) LIMIT 1   [ RunTime:0.0000s ]
INFO: [ app_end ] --START--
INFO: Run Behavior\ShowPageTraceBehavior [ RunTime:0.001000s ]
INFO: [ app_end ] --END-- [ RunTime:0.001000s ]

[ 2017-04-19T17:13:26+08:00 ] 127.0.0.1 /index.php/Home/Index/saveZan.html
INFO: [ app_begin ] --START--
INFO: Run Behavior\ReadHtmlCacheBehavior [ RunTime:0.001000s ]
INFO: [ app_begin ] --END-- [ RunTime:0.001000s ]
SQL: SHOW COLUMNS FROM `user` [ RunTime:0.0040s ]
SQL: SELECT `name` FROM `user` WHERE ( id=1 ) LIMIT 1   [ RunTime:0.0000s ]
SQL: SHOW COLUMNS FROM `knowledge` [ RunTime:0.0030s ]
SQL: SELECT * FROM `knowledge` WHERE ( id=5 ) LIMIT 1   [ RunTime:0.0000s ]
INFO: [ app_end ] --START--
INFO: Run Behavior\ShowPageTraceBehavior [ RunTime:0.001000s ]
INFO: [ app_end ] --END-- [ RunTime:0.002000s ]

[ 2017-04-19T17:13:27+08:00 ] 127.0.0.1 /index.php/Home/Index/saveZan.html
INFO: [ app_begin ] --START--
INFO: Run Behavior\ReadHtmlCacheBehavior [ RunTime:0.001000s ]
INFO: [ app_begin ] --END-- [ RunTime:0.002000s ]
SQL: SHOW COLUMNS FROM `user` [ RunTime:0.0030s ]
SQL: SELECT `name` FROM `user` WHERE ( id=1 ) LIMIT 1   [ RunTime:0.0030s ]
SQL: SHOW COLUMNS FROM `knowledge` [ RunTime:0.0030s ]
SQL: SELECT * FROM `knowledge` WHERE ( id=5 ) LIMIT 1   [ RunTime:0.0000s ]
INFO: [ app_end ] --START--
INFO: Run Behavior\ShowPageTraceBehavior [ RunTime:0.001000s ]
INFO: [ app_end ] --END-- [ RunTime:0.001000s ]

[ 2017-04-19T17:13:29+08:00 ] 127.0.0.1 /index.php/Home/Index/saveZan.html
INFO: [ app_begin ] --START--
INFO: Run Behavior\ReadHtmlCacheBehavior [ RunTime:0.000000s ]
INFO: [ app_begin ] --END-- [ RunTime:0.001000s ]
SQL: SHOW COLUMNS FROM `user` [ RunTime:0.0040s ]
SQL: SELECT `name` FROM `user` WHERE ( id=1 ) LIMIT 1   [ RunTime:0.0010s ]
SQL: SHOW COLUMNS FROM `knowledge` [ RunTime:0.0030s ]
SQL: SELECT * FROM `knowledge` WHERE ( id=5 ) LIMIT 1   [ RunTime:0.0010s ]
INFO: [ app_end ] --START--
INFO: Run Behavior\ShowPageTraceBehavior [ RunTime:0.001000s ]
INFO: [ app_end ] --END-- [ RunTime:0.001000s ]

[ 2017-04-19T17:13:30+08:00 ] 127.0.0.1 /index.php/Home/Index/saveZan.html
INFO: [ app_begin ] --START--
INFO: Run Behavior\ReadHtmlCacheBehavior [ RunTime:0.000000s ]
INFO: [ app_begin ] --END-- [ RunTime:0.002000s ]
SQL: SHOW COLUMNS FROM `user` [ RunTime:0.0030s ]
SQL: SELECT `name` FROM `user` WHERE ( id=1 ) LIMIT 1   [ RunTime:0.0000s ]
SQL: SHOW COLUMNS FROM `knowledge` [ RunTime:0.0030s ]
SQL: SELECT * FROM `knowledge` WHERE ( id=5 ) LIMIT 1   [ RunTime:0.0010s ]
INFO: [ app_end ] --START--
INFO: Run Behavior\ShowPageTraceBehavior [ RunTime:0.001000s ]
INFO: [ app_end ] --END-- [ RunTime:0.002000s ]

[ 2017-04-19T17:13:59+08:00 ] 127.0.0.1 /index.php/Home/Index/saveZan.html
INFO: [ app_begin ] --START--
INFO: Run Behavior\ReadHtmlCacheBehavior [ RunTime:0.001000s ]
INFO: [ app_begin ] --END-- [ RunTime:0.002000s ]
SQL: SHOW COLUMNS FROM `user` [ RunTime:0.0030s ]
SQL: SELECT `name` FROM `user` WHERE ( id=1 ) LIMIT 1   [ RunTime:0.0010s ]
SQL: SHOW COLUMNS FROM `knowledge` [ RunTime:0.0030s ]
SQL: SELECT * FROM `knowledge` WHERE ( id=5 ) LIMIT 1   [ RunTime:0.0010s ]
INFO: [ app_end ] --START--
INFO: Run Behavior\ShowPageTraceBehavior [ RunTime:0.001000s ]
INFO: [ app_end ] --END-- [ RunTime:0.001000s ]

[ 2017-04-19T17:14:00+08:00 ] 127.0.0.1 /index.php/Home/Index/saveZan.html
INFO: [ app_begin ] --START--
INFO: Run Behavior\ReadHtmlCacheBehavior [ RunTime:0.001000s ]
INFO: [ app_begin ] --END-- [ RunTime:0.001000s ]
SQL: SHOW COLUMNS FROM `user` [ RunTime:0.0030s ]
SQL: SELECT `name` FROM `user` WHERE ( id=1 ) LIMIT 1   [ RunTime:0.0010s ]
SQL: SHOW COLUMNS FROM `knowledge` [ RunTime:0.0030s ]
SQL: SELECT * FROM `knowledge` WHERE ( id=5 ) LIMIT 1   [ RunTime:0.0000s ]
INFO: [ app_end ] --START--
INFO: Run Behavior\ShowPageTraceBehavior [ RunTime:0.001000s ]
INFO: [ app_end ] --END-- [ RunTime:0.001000s ]

[ 2017-04-19T17:14:01+08:00 ] 127.0.0.1 /index.php/Home/Index/saveZan.html
INFO: [ app_begin ] --START--
INFO: Run Behavior\ReadHtmlCacheBehavior [ RunTime:0.000000s ]
INFO: [ app_begin ] --END-- [ RunTime:0.002000s ]
SQL: SHOW COLUMNS FROM `user` [ RunTime:0.0030s ]
SQL: SELECT `name` FROM `user` WHERE ( id=1 ) LIMIT 1   [ RunTime:0.0000s ]
SQL: SHOW COLUMNS FROM `knowledge` [ RunTime:0.0030s ]
SQL: SELECT * FROM `knowledge` WHERE ( id=5 ) LIMIT 1   [ RunTime:0.0000s ]
INFO: [ app_end ] --START--
INFO: Run Behavior\ShowPageTraceBehavior [ RunTime:0.001000s ]
INFO: [ app_end ] --END-- [ RunTime:0.001000s ]

[ 2017-04-19T17:14:03+08:00 ] 127.0.0.1 /index.php/Home/Index/saveZan.html
INFO: [ app_begin ] --START--
INFO: Run Behavior\ReadHtmlCacheBehavior [ RunTime:0.001000s ]
INFO: [ app_begin ] --END-- [ RunTime:0.001000s ]
SQL: SHOW COLUMNS FROM `user` [ RunTime:0.0030s ]
SQL: SELECT `name` FROM `user` WHERE ( id=1 ) LIMIT 1   [ RunTime:0.0010s ]
SQL: SHOW COLUMNS FROM `knowledge` [ RunTime:0.0030s ]
SQL: SELECT * FROM `knowledge` WHERE ( id=5 ) LIMIT 1   [ RunTime:0.0010s ]
INFO: [ app_end ] --START--
INFO: Run Behavior\ShowPageTraceBehavior [ RunTime:0.001000s ]
INFO: [ app_end ] --END-- [ RunTime:0.001000s ]

[ 2017-04-19T17:14:51+08:00 ] 127.0.0.1 /index.php/Home/Index/saveZan.html
INFO: [ app_begin ] --START--
INFO: Run Behavior\ReadHtmlCacheBehavior [ RunTime:0.000000s ]
INFO: [ app_begin ] --END-- [ RunTime:0.002000s ]
SQL: SHOW COLUMNS FROM `user` [ RunTime:0.0030s ]
SQL: SELECT `name` FROM `user` WHERE ( id=1 ) LIMIT 1   [ RunTime:0.0010s ]
SQL: SHOW COLUMNS FROM `knowledge` [ RunTime:0.0040s ]
SQL: SELECT * FROM `knowledge` WHERE ( id=5 ) LIMIT 1   [ RunTime:0.0010s ]
INFO: [ app_end ] --START--
INFO: Run Behavior\ShowPageTraceBehavior [ RunTime:0.000000s ]
INFO: [ app_end ] --END-- [ RunTime:0.001000s ]

[ 2017-04-19T17:14:52+08:00 ] 127.0.0.1 /index.php/Home/Index/saveZan.html
INFO: [ app_begin ] --START--
INFO: Run Behavior\ReadHtmlCacheBehavior [ RunTime:0.000000s ]
INFO: [ app_begin ] --END-- [ RunTime:0.002000s ]
SQL: SHOW COLUMNS FROM `user` [ RunTime:0.0030s ]
SQL: SELECT `name` FROM `user` WHERE ( id=1 ) LIMIT 1   [ RunTime:0.0000s ]
SQL: SHOW COLUMNS FROM `knowledge` [ RunTime:0.0030s ]
SQL: SELECT * FROM `knowledge` WHERE ( id=5 ) LIMIT 1   [ RunTime:0.0010s ]
INFO: [ app_end ] --START--
INFO: Run Behavior\ShowPageTraceBehavior [ RunTime:0.000000s ]
INFO: [ app_end ] --END-- [ RunTime:0.002000s ]

[ 2017-04-19T17:14:53+08:00 ] 127.0.0.1 /index.php/Home/Index/saveZan.html
INFO: [ app_begin ] --START--
INFO: Run Behavior\ReadHtmlCacheBehavior [ RunTime:0.002000s ]
INFO: [ app_begin ] --END-- [ RunTime:0.002000s ]
SQL: SHOW COLUMNS FROM `user` [ RunTime:0.0050s ]
SQL: SELECT `name` FROM `user` WHERE ( id=1 ) LIMIT 1   [ RunTime:0.0010s ]
SQL: SHOW COLUMNS FROM `knowledge` [ RunTime:0.0040s ]
SQL: SELECT * FROM `knowledge` WHERE ( id=5 ) LIMIT 1   [ RunTime:0.0020s ]
INFO: [ app_end ] --START--
INFO: Run Behavior\ShowPageTraceBehavior [ RunTime:0.001000s ]
INFO: [ app_end ] --END-- [ RunTime:0.002000s ]

[ 2017-04-19T17:14:54+08:00 ] 127.0.0.1 /index.php/Home/Index/saveZan.html
INFO: [ app_begin ] --START--
INFO: Run Behavior\ReadHtmlCacheBehavior [ RunTime:0.000000s ]
INFO: [ app_begin ] --END-- [ RunTime:0.002000s ]
SQL: SHOW COLUMNS FROM `user` [ RunTime:0.0050s ]
SQL: SELECT `name` FROM `user` WHERE ( id=1 ) LIMIT 1   [ RunTime:0.0000s ]
SQL: SHOW COLUMNS FROM `knowledge` [ RunTime:0.0030s ]
SQL: SELECT * FROM `knowledge` WHERE ( id=5 ) LIMIT 1   [ RunTime:0.0000s ]
INFO: [ app_end ] --START--
INFO: Run Behavior\ShowPageTraceBehavior [ RunTime:0.000000s ]
INFO: [ app_end ] --END-- [ RunTime:0.001000s ]

[ 2017-04-19T17:14:58+08:00 ] 127.0.0.1 /index.php/Home/Index/saveZan.html
INFO: [ app_begin ] --START--
INFO: Run Behavior\ReadHtmlCacheBehavior [ RunTime:0.000000s ]
INFO: [ app_begin ] --END-- [ RunTime:0.002000s ]
SQL: SHOW COLUMNS FROM `user` [ RunTime:0.0020s ]
SQL: SELECT `name` FROM `user` WHERE ( id=1 ) LIMIT 1   [ RunTime:0.0000s ]
SQL: SHOW COLUMNS FROM `knowledge` [ RunTime:0.0030s ]
SQL: SELECT * FROM `knowledge` WHERE ( id=5 ) LIMIT 1   [ RunTime:0.0010s ]
INFO: [ app_end ] --START--
INFO: Run Behavior\ShowPageTraceBehavior [ RunTime:0.001000s ]
INFO: [ app_end ] --END-- [ RunTime:0.001000s ]

[ 2017-04-19T17:15:35+08:00 ] 127.0.0.1 /index.php/Home/Index/saveZan.html
INFO: [ app_begin ] --START--
INFO: Run Behavior\ReadHtmlCacheBehavior [ RunTime:0.001000s ]
INFO: [ app_begin ] --END-- [ RunTime:0.002000s ]
SQL: SHOW COLUMNS FROM `user` [ RunTime:0.0020s ]
SQL: SELECT `name` FROM `user` WHERE ( id=1 ) LIMIT 1   [ RunTime:0.0010s ]
SQL: SHOW COLUMNS FROM `knowledge` [ RunTime:0.0040s ]
SQL: SELECT * FROM `knowledge` WHERE ( id=5 ) LIMIT 1   [ RunTime:0.0020s ]
INFO: [ app_end ] --START--
INFO: Run Behavior\ShowPageTraceBehavior [ RunTime:0.002000s ]
INFO: [ app_end ] --END-- [ RunTime:0.002000s ]

[ 2017-04-19T17:16:18+08:00 ] 127.0.0.1 /index.php/Home/Index/saveZan.html
INFO: [ app_begin ] --START--
INFO: Run Behavior\ReadHtmlCacheBehavior [ RunTime:0.000000s ]
INFO: [ app_begin ] --END-- [ RunTime:0.002000s ]
SQL: SHOW COLUMNS FROM `user` [ RunTime:0.0050s ]
SQL: SELECT `name` FROM `user` WHERE ( id=1 ) LIMIT 1   [ RunTime:0.0010s ]
SQL: SHOW COLUMNS FROM `knowledge` [ RunTime:0.0040s ]
SQL: SELECT * FROM `knowledge` WHERE ( id=5 ) LIMIT 1   [ RunTime:0.0010s ]
INFO: [ app_end ] --START--
INFO: Run Behavior\ShowPageTraceBehavior [ RunTime:0.000000s ]
INFO: [ app_end ] --END-- [ RunTime:0.002000s ]

[ 2017-04-19T17:16:37+08:00 ] 127.0.0.1 /index.php/Home/Index/saveZan.html
INFO: [ app_begin ] --START--
INFO: Run Behavior\ReadHtmlCacheBehavior [ RunTime:0.001000s ]
INFO: [ app_begin ] --END-- [ RunTime:0.002000s ]
SQL: SHOW COLUMNS FROM `user` [ RunTime:0.0050s ]
SQL: SELECT `name` FROM `user` WHERE ( id=1 ) LIMIT 1   [ RunTime:0.0010s ]
SQL: SHOW COLUMNS FROM `knowledge` [ RunTime:0.0060s ]
SQL: SELECT * FROM `knowledge` WHERE ( id=5 ) LIMIT 1   [ RunTime:0.0010s ]
INFO: [ app_end ] --START--
INFO: Run Behavior\ShowPageTraceBehavior [ RunTime:0.001000s ]
INFO: [ app_end ] --END-- [ RunTime:0.001000s ]

[ 2017-04-19T17:16:38+08:00 ] 127.0.0.1 /index.php/Home/Index/saveZan.html
INFO: [ app_begin ] --START--
INFO: Run Behavior\ReadHtmlCacheBehavior [ RunTime:0.001000s ]
INFO: [ app_begin ] --END-- [ RunTime:0.003000s ]
SQL: SHOW COLUMNS FROM `user` [ RunTime:0.0050s ]
SQL: SELECT `name` FROM `user` WHERE ( id=1 ) LIMIT 1   [ RunTime:0.0010s ]
SQL: SHOW COLUMNS FROM `knowledge` [ RunTime:0.0050s ]
SQL: SELECT * FROM `knowledge` WHERE ( id=5 ) LIMIT 1   [ RunTime:0.0010s ]
INFO: [ app_end ] --START--
INFO: Run Behavior\ShowPageTraceBehavior [ RunTime:0.001000s ]
INFO: [ app_end ] --END-- [ RunTime:0.001000s ]

[ 2017-04-19T17:16:39+08:00 ] 127.0.0.1 /index.php/Home/Index/saveZan.html
INFO: [ app_begin ] --START--
INFO: Run Behavior\ReadHtmlCacheBehavior [ RunTime:0.001000s ]
INFO: [ app_begin ] --END-- [ RunTime:0.001000s ]
SQL: SHOW COLUMNS FROM `user` [ RunTime:0.0030s ]
SQL: SELECT `name` FROM `user` WHERE ( id=1 ) LIMIT 1   [ RunTime:0.0010s ]
SQL: SHOW COLUMNS FROM `knowledge` [ RunTime:0.0030s ]
SQL: SELECT * FROM `knowledge` WHERE ( id=5 ) LIMIT 1   [ RunTime:0.0000s ]
INFO: [ app_end ] --START--
INFO: Run Behavior\ShowPageTraceBehavior [ RunTime:0.000000s ]
INFO: [ app_end ] --END-- [ RunTime:0.001000s ]

[ 2017-04-19T17:16:40+08:00 ] 127.0.0.1 /index.php/Home/Index/saveZan.html
INFO: [ app_begin ] --START--
INFO: Run Behavior\ReadHtmlCacheBehavior [ RunTime:0.001000s ]
INFO: [ app_begin ] --END-- [ RunTime:0.002000s ]
SQL: SHOW COLUMNS FROM `user` [ RunTime:0.0040s ]
SQL: SELECT `name` FROM `user` WHERE ( id=1 ) LIMIT 1   [ RunTime:0.0000s ]
SQL: SHOW COLUMNS FROM `knowledge` [ RunTime:0.0040s ]
SQL: SELECT * FROM `knowledge` WHERE ( id=5 ) LIMIT 1   [ RunTime:0.0000s ]
INFO: [ app_end ] --START--
INFO: Run Behavior\ShowPageTraceBehavior [ RunTime:0.001000s ]
INFO: [ app_end ] --END-- [ RunTime:0.001000s ]

[ 2017-04-19T17:17:06+08:00 ] 127.0.0.1 /index.php/Home/Index/saveZan.html
INFO: [ app_begin ] --START--
INFO: Run Behavior\ReadHtmlCacheBehavior [ RunTime:0.002000s ]
INFO: [ app_begin ] --END-- [ RunTime:0.003000s ]
SQL: SHOW COLUMNS FROM `user` [ RunTime:0.0030s ]
SQL: SELECT `name` FROM `user` WHERE ( id=1 ) LIMIT 1   [ RunTime:0.0010s ]
SQL: SHOW COLUMNS FROM `knowledge` [ RunTime:0.0030s ]
SQL: SELECT * FROM `knowledge` WHERE ( id=5 ) LIMIT 1   [ RunTime:0.0010s ]
INFO: [ app_end ] --START--
INFO: Run Behavior\ShowPageTraceBehavior [ RunTime:0.001000s ]
INFO: [ app_end ] --END-- [ RunTime:0.001000s ]

[ 2017-04-19T17:17:07+08:00 ] 127.0.0.1 /index.php/Home/Index/saveZan.html
INFO: [ app_begin ] --START--
INFO: Run Behavior\ReadHtmlCacheBehavior [ RunTime:0.001000s ]
INFO: [ app_begin ] --END-- [ RunTime:0.003000s ]
SQL: SHOW COLUMNS FROM `user` [ RunTime:0.0050s ]
SQL: SELECT `name` FROM `user` WHERE ( id=1 ) LIMIT 1   [ RunTime:0.0000s ]
SQL: SHOW COLUMNS FROM `knowledge` [ RunTime:0.0040s ]
SQL: SELECT * FROM `knowledge` WHERE ( id=5 ) LIMIT 1   [ RunTime:0.0000s ]
INFO: [ app_end ] --START--
INFO: Run Behavior\ShowPageTraceBehavior [ RunTime:0.001000s ]
INFO: [ app_end ] --END-- [ RunTime:0.002000s ]

[ 2017-04-19T17:17:08+08:00 ] 127.0.0.1 /index.php/Home/Index/saveZan.html
INFO: [ app_begin ] --START--
INFO: Run Behavior\ReadHtmlCacheBehavior [ RunTime:0.001000s ]
INFO: [ app_begin ] --END-- [ RunTime:0.002000s ]
SQL: SHOW COLUMNS FROM `user` [ RunTime:0.0040s ]
SQL: SELECT `name` FROM `user` WHERE ( id=1 ) LIMIT 1   [ RunTime:0.0010s ]
SQL: SHOW COLUMNS FROM `knowledge` [ RunTime:0.0040s ]
SQL: SELECT * FROM `knowledge` WHERE ( id=5 ) LIMIT 1   [ RunTime:0.0010s ]
INFO: [ app_end ] --START--
INFO: Run Behavior\ShowPageTraceBehavior [ RunTime:0.001000s ]
INFO: [ app_end ] --END-- [ RunTime:0.001000s ]

[ 2017-04-19T17:17:09+08:00 ] 127.0.0.1 /index.php/Home/Index/saveZan.html
INFO: [ app_begin ] --START--
INFO: Run Behavior\ReadHtmlCacheBehavior [ RunTime:0.001000s ]
INFO: [ app_begin ] --END-- [ RunTime:0.002000s ]
SQL: SHOW COLUMNS FROM `user` [ RunTime:0.0040s ]
SQL: SELECT `name` FROM `user` WHERE ( id=1 ) LIMIT 1   [ RunTime:0.0010s ]
SQL: SHOW COLUMNS FROM `knowledge` [ RunTime:0.0040s ]
SQL: SELECT * FROM `knowledge` WHERE ( id=5 ) LIMIT 1   [ RunTime:0.0000s ]
INFO: [ app_end ] --START--
INFO: Run Behavior\ShowPageTraceBehavior [ RunTime:0.001000s ]
INFO: [ app_end ] --END-- [ RunTime:0.002000s ]

[ 2017-04-19T17:17:10+08:00 ] 127.0.0.1 /index.php/Home/Index/saveZan.html
INFO: [ app_begin ] --START--
INFO: Run Behavior\ReadHtmlCacheBehavior [ RunTime:0.001000s ]
INFO: [ app_begin ] --END-- [ RunTime:0.002000s ]
SQL: SHOW COLUMNS FROM `user` [ RunTime:0.0040s ]
SQL: SELECT `name` FROM `user` WHERE ( id=1 ) LIMIT 1   [ RunTime:0.0010s ]
SQL: SHOW COLUMNS FROM `knowledge` [ RunTime:0.0040s ]
SQL: SELECT * FROM `knowledge` WHERE ( id=5 ) LIMIT 1   [ RunTime:0.0010s ]
INFO: [ app_end ] --START--
INFO: Run Behavior\ShowPageTraceBehavior [ RunTime:0.001000s ]
INFO: [ app_end ] --END-- [ RunTime:0.002000s ]

[ 2017-04-19T17:17:25+08:00 ] 127.0.0.1 /index.php/Home/Index/saveZan.html
INFO: [ app_begin ] --START--
INFO: Run Behavior\ReadHtmlCacheBehavior [ RunTime:0.000000s ]
INFO: [ app_begin ] --END-- [ RunTime:0.002000s ]
SQL: SHOW COLUMNS FROM `user` [ RunTime:0.0030s ]
SQL: SELECT `name` FROM `user` WHERE ( id=1 ) LIMIT 1   [ RunTime:0.0000s ]
SQL: SHOW COLUMNS FROM `knowledge` [ RunTime:0.0030s ]
SQL: SELECT * FROM `knowledge` WHERE ( id=5 ) LIMIT 1   [ RunTime:0.0000s ]
INFO: [ app_end ] --START--
INFO: Run Behavior\ShowPageTraceBehavior [ RunTime:0.000000s ]
INFO: [ app_end ] --END-- [ RunTime:0.002000s ]

[ 2017-04-19T17:19:45+08:00 ] 127.0.0.1 /index.php/Home/Index/jianZan.html
INFO: [ app_begin ] --START--
INFO: Run Behavior\ReadHtmlCacheBehavior [ RunTime:0.000000s ]
INFO: [ app_begin ] --END-- [ RunTime:0.002000s ]

[ 2017-04-19T17:20:03+08:00 ] 127.0.0.1 /index.php/Home/Index/jianZan.html
INFO: [ app_begin ] --START--
INFO: Run Behavior\ReadHtmlCacheBehavior [ RunTime:0.001000s ]
INFO: [ app_begin ] --END-- [ RunTime:0.003000s ]

[ 2017-04-19T17:20:44+08:00 ] 127.0.0.1 /index.php/Home/Index/jianZan.html
INFO: [ app_begin ] --START--
INFO: Run Behavior\ReadHtmlCacheBehavior [ RunTime:0.002000s ]
INFO: [ app_begin ] --END-- [ RunTime:0.003000s ]
SQL: SHOW COLUMNS FROM `knowledge` [ RunTime:0.0050s ]
SQL: SELECT * FROM `knowledge` WHERE ( id=5 ) LIMIT 1   [ RunTime:0.0000s ]

[ 2017-04-19T17:26:07+08:00 ] 127.0.0.1 /index.php/Home/Index/jianZan.html
INFO: [ app_begin ] --START--
INFO: Run Behavior\ReadHtmlCacheBehavior [ RunTime:0.001000s ]
INFO: [ app_begin ] --END-- [ RunTime:0.002000s ]
SQL: SHOW COLUMNS FROM `knowledge` [ RunTime:0.0030s ]
SQL: SELECT * FROM `knowledge` WHERE ( id=5 ) LIMIT 1   [ RunTime:0.0010s ]

[ 2017-04-19T17:27:54+08:00 ] 127.0.0.1 /index.php/Home/Index/jianZan.html
INFO: [ app_begin ] --START--
INFO: Run Behavior\ReadHtmlCacheBehavior [ RunTime:0.001000s ]
INFO: [ app_begin ] --END-- [ RunTime:0.003000s ]
SQL: SHOW COLUMNS FROM `knowledge` [ RunTime:0.0040s ]
SQL: SELECT * FROM `knowledge` WHERE ( id=5 ) LIMIT 1   [ RunTime:0.0010s ]
SQL: UPDATE `knowledge` SET `zan_member_id`='1',`zan_member_name`='xcm' WHERE ( id=5 ) [ RunTime:0.0010s ]
INFO: [ app_end ] --START--
INFO: Run Behavior\ShowPageTraceBehavior [ RunTime:0.001000s ]
INFO: [ app_end ] --END-- [ RunTime:0.002000s ]

[ 2017-04-19T17:28:06+08:00 ] 127.0.0.1 /index.php/Home/Index/jianZan.html
INFO: [ app_begin ] --START--
INFO: Run Behavior\ReadHtmlCacheBehavior [ RunTime:0.005000s ]
INFO: [ app_begin ] --END-- [ RunTime:0.007000s ]
SQL: SHOW COLUMNS FROM `knowledge` [ RunTime:0.0060s ]
SQL: SELECT * FROM `knowledge` WHERE ( id=5 ) LIMIT 1   [ RunTime:0.0000s ]
SQL: UPDATE `knowledge` SET `zan_member_id`='',`zan_member_name`='' WHERE ( id=5 ) [ RunTime:0.0020s ]
INFO: [ app_end ] --START--
INFO: Run Behavior\ShowPageTraceBehavior [ RunTime:0.001000s ]
INFO: [ app_end ] --END-- [ RunTime:0.002000s ]

[ 2017-04-19T17:28:11+08:00 ] 127.0.0.1 /index.php/Home/Index/saveZan.html
INFO: [ app_begin ] --START--
INFO: Run Behavior\ReadHtmlCacheBehavior [ RunTime:0.000000s ]
INFO: [ app_begin ] --END-- [ RunTime:0.002000s ]
SQL: SHOW COLUMNS FROM `user` [ RunTime:0.0030s ]
SQL: SELECT `name` FROM `user` WHERE ( id=1 ) LIMIT 1   [ RunTime:0.0030s ]
SQL: SHOW COLUMNS FROM `knowledge` [ RunTime:0.0030s ]
SQL: SELECT * FROM `knowledge` WHERE ( id=5 ) LIMIT 1   [ RunTime:0.0010s ]
SQL: UPDATE `knowledge` SET `zan_member_name`='xcm',`zan_member_id`='1' WHERE ( id=5 ) [ RunTime:0.0010s ]
INFO: [ app_end ] --START--
INFO: Run Behavior\ShowPageTraceBehavior [ RunTime:0.000000s ]
INFO: [ app_end ] --END-- [ RunTime:0.002000s ]

[ 2017-04-19T17:28:18+08:00 ] 127.0.0.1 /index.php/Home/Index/jianZan.html
INFO: [ app_begin ] --START--
INFO: Run Behavior\ReadHtmlCacheBehavior [ RunTime:0.001000s ]
INFO: [ app_begin ] --END-- [ RunTime:0.001000s ]
SQL: SHOW COLUMNS FROM `knowledge` [ RunTime:0.0040s ]
SQL: SELECT * FROM `knowledge` WHERE ( id=5 ) LIMIT 1   [ RunTime:0.0010s ]
SQL: UPDATE `knowledge` SET `zan_member_id`='',`zan_member_name`='' WHERE ( id=5 ) [ RunTime:0.0000s ]
INFO: [ app_end ] --START--
INFO: Run Behavior\ShowPageTraceBehavior [ RunTime:0.001000s ]
INFO: [ app_end ] --END-- [ RunTime:0.001000s ]

[ 2017-04-19T17:28:19+08:00 ] 127.0.0.1 /index.php/Home/Index/saveZan.html
INFO: [ app_begin ] --START--
INFO: Run Behavior\ReadHtmlCacheBehavior [ RunTime:0.001000s ]
INFO: [ app_begin ] --END-- [ RunTime:0.003000s ]
SQL: SHOW COLUMNS FROM `user` [ RunTime:0.0050s ]
SQL: SELECT `name` FROM `user` WHERE ( id=1 ) LIMIT 1   [ RunTime:0.0010s ]
SQL: SHOW COLUMNS FROM `knowledge` [ RunTime:0.0060s ]
SQL: SELECT * FROM `knowledge` WHERE ( id=5 ) LIMIT 1   [ RunTime:0.0020s ]
SQL: UPDATE `knowledge` SET `zan_member_name`='xcm',`zan_member_id`='1' WHERE ( id=5 ) [ RunTime:0.0030s ]
INFO: [ app_end ] --START--
INFO: Run Behavior\ShowPageTraceBehavior [ RunTime:0.001000s ]
INFO: [ app_end ] --END-- [ RunTime:0.003000s ]

[ 2017-04-19T17:28:19+08:00 ] 127.0.0.1 /index.php/Home/Index/jianZan.html
INFO: [ app_begin ] --START--
INFO: Run Behavior\ReadHtmlCacheBehavior [ RunTime:0.001000s ]
INFO: [ app_begin ] --END-- [ RunTime:0.002000s ]
SQL: SHOW COLUMNS FROM `knowledge` [ RunTime:0.0040s ]
SQL: SELECT * FROM `knowledge` WHERE ( id=5 ) LIMIT 1   [ RunTime:0.0010s ]
SQL: UPDATE `knowledge` SET `zan_member_id`='',`zan_member_name`='' WHERE ( id=5 ) [ RunTime:0.0010s ]
INFO: [ app_end ] --START--
INFO: Run Behavior\ShowPageTraceBehavior [ RunTime:0.001000s ]
INFO: [ app_end ] --END-- [ RunTime:0.002000s ]

[ 2017-04-19T17:28:49+08:00 ] 127.0.0.1 /index.php/Home/Index/saveZan.html
INFO: [ app_begin ] --START--
INFO: Run Behavior\ReadHtmlCacheBehavior [ RunTime:0.001000s ]
INFO: [ app_begin ] --END-- [ RunTime:0.002000s ]
SQL: SHOW COLUMNS FROM `user` [ RunTime:0.0040s ]
SQL: SELECT `name` FROM `user` WHERE ( id=1 ) LIMIT 1   [ RunTime:0.0010s ]
SQL: SHOW COLUMNS FROM `knowledge` [ RunTime:0.0050s ]
SQL: SELECT * FROM `knowledge` WHERE ( id=5 ) LIMIT 1   [ RunTime:0.0010s ]
SQL: UPDATE `knowledge` SET `zan_member_name`='xcm',`zan_member_id`='1' WHERE ( id=5 ) [ RunTime:0.0010s ]
INFO: [ app_end ] --START--
INFO: Run Behavior\ShowPageTraceBehavior [ RunTime:0.001000s ]
INFO: [ app_end ] --END-- [ RunTime:0.001000s ]

[ 2017-04-19T17:28:51+08:00 ] 127.0.0.1 /index.php/Home/Index/jianZan.html
INFO: [ app_begin ] --START--
INFO: Run Behavior\ReadHtmlCacheBehavior [ RunTime:0.001000s ]
INFO: [ app_begin ] --END-- [ RunTime:0.001000s ]
SQL: SHOW COLUMNS FROM `knowledge` [ RunTime:0.0030s ]
SQL: SELECT * FROM `knowledge` WHERE ( id=5 ) LIMIT 1   [ RunTime:0.0000s ]
SQL: UPDATE `knowledge` SET `zan_member_id`='',`zan_member_name`='' WHERE ( id=5 ) [ RunTime:0.0000s ]
INFO: [ app_end ] --START--
INFO: Run Behavior\ShowPageTraceBehavior [ RunTime:0.001000s ]
INFO: [ app_end ] --END-- [ RunTime:0.001000s ]

[ 2017-04-19T17:28:53+08:00 ] 127.0.0.1 /index.php/Home/Index/saveZan.html
INFO: [ app_begin ] --START--
INFO: Run Behavior\ReadHtmlCacheBehavior [ RunTime:0.000000s ]
INFO: [ app_begin ] --END-- [ RunTime:0.002000s ]
SQL: SHOW COLUMNS FROM `user` [ RunTime:0.0030s ]
SQL: SELECT `name` FROM `user` WHERE ( id=1 ) LIMIT 1   [ RunTime:0.0010s ]
SQL: SHOW COLUMNS FROM `knowledge` [ RunTime:0.0030s ]
SQL: SELECT * FROM `knowledge` WHERE ( id=5 ) LIMIT 1   [ RunTime:0.0010s ]
SQL: UPDATE `knowledge` SET `zan_member_name`='xcm',`zan_member_id`='1' WHERE ( id=5 ) [ RunTime:0.0010s ]
INFO: [ app_end ] --START--
INFO: Run Behavior\ShowPageTraceBehavior [ RunTime:0.001000s ]
INFO: [ app_end ] --END-- [ RunTime:0.001000s ]

[ 2017-04-19T17:29:20+08:00 ] 127.0.0.1 /index.php/Home/Index/jianZan.html
INFO: [ app_begin ] --START--
INFO: Run Behavior\ReadHtmlCacheBehavior [ RunTime:0.000000s ]
INFO: [ app_begin ] --END-- [ RunTime:0.002000s ]
SQL: SHOW COLUMNS FROM `knowledge` [ RunTime:0.0030s ]
SQL: SELECT * FROM `knowledge` WHERE ( id=5 ) LIMIT 1   [ RunTime:0.0010s ]
SQL: UPDATE `knowledge` SET `zan_member_id`='',`zan_member_name`='' WHERE ( id=5 ) [ RunTime:0.0010s ]
INFO: [ app_end ] --START--
INFO: Run Behavior\ShowPageTraceBehavior [ RunTime:0.000000s ]
INFO: [ app_end ] --END-- [ RunTime:0.002000s ]

[ 2017-04-19T17:29:58+08:00 ] 127.0.0.1 /index.php/Home/Index/saveZan.html
INFO: [ app_begin ] --START--
INFO: Run Behavior\ReadHtmlCacheBehavior [ RunTime:0.001000s ]
INFO: [ app_begin ] --END-- [ RunTime:0.001000s ]
SQL: SHOW COLUMNS FROM `user` [ RunTime:0.0030s ]
SQL: SELECT `name` FROM `user` WHERE ( id=1 ) LIMIT 1   [ RunTime:0.0000s ]
SQL: SHOW COLUMNS FROM `knowledge` [ RunTime:0.0030s ]
SQL: SELECT * FROM `knowledge` WHERE ( id=5 ) LIMIT 1   [ RunTime:0.0000s ]
SQL: UPDATE `knowledge` SET `zan_member_name`='xcm',`zan_member_id`='1' WHERE ( id=5 ) [ RunTime:0.0000s ]
INFO: [ app_end ] --START--
INFO: Run Behavior\ShowPageTraceBehavior [ RunTime:0.001000s ]
INFO: [ app_end ] --END-- [ RunTime:0.001000s ]

[ 2017-04-19T17:29:59+08:00 ] 127.0.0.1 /index.php/Home/Index/jianZan.html
INFO: [ app_begin ] --START--
INFO: Run Behavior\ReadHtmlCacheBehavior [ RunTime:0.001000s ]
INFO: [ app_begin ] --END-- [ RunTime:0.002000s ]
SQL: SHOW COLUMNS FROM `knowledge` [ RunTime:0.0050s ]
SQL: SELECT * FROM `knowledge` WHERE ( id=5 ) LIMIT 1   [ RunTime:0.0000s ]
SQL: UPDATE `knowledge` SET `zan_member_id`='',`zan_member_name`='' WHERE ( id=5 ) [ RunTime:0.0010s ]
INFO: [ app_end ] --START--
INFO: Run Behavior\ShowPageTraceBehavior [ RunTime:0.000000s ]
INFO: [ app_end ] --END-- [ RunTime:0.002000s ]

[ 2017-04-19T17:31:58+08:00 ] 127.0.0.1 /index.php/Home/Index/saveZan.html
INFO: [ app_begin ] --START--
INFO: Run Behavior\ReadHtmlCacheBehavior [ RunTime:0.001000s ]
INFO: [ app_begin ] --END-- [ RunTime:0.002000s ]
SQL: SHOW COLUMNS FROM `user` [ RunTime:0.0050s ]
SQL: SELECT `name` FROM `user` WHERE ( id=1 ) LIMIT 1   [ RunTime:0.0000s ]
SQL: SHOW COLUMNS FROM `knowledge` [ RunTime:0.0040s ]
SQL: SELECT * FROM `knowledge` WHERE ( id=5 ) LIMIT 1   [ RunTime:0.0010s ]
SQL: UPDATE `knowledge` SET `zan_member_name`='xcm',`zan_member_id`='1' WHERE ( id=5 ) [ RunTime:0.0010s ]
INFO: [ app_end ] --START--
INFO: Run Behavior\ShowPageTraceBehavior [ RunTime:0.000000s ]
INFO: [ app_end ] --END-- [ RunTime:0.002000s ]

[ 2017-04-19T17:31:59+08:00 ] 127.0.0.1 /index.php/Home/Index/jianZan.html
INFO: [ app_begin ] --START--
INFO: Run Behavior\ReadHtmlCacheBehavior [ RunTime:0.001000s ]
INFO: [ app_begin ] --END-- [ RunTime:0.001000s ]
SQL: SHOW COLUMNS FROM `knowledge` [ RunTime:0.0030s ]
SQL: SELECT * FROM `knowledge` WHERE ( id=5 ) LIMIT 1   [ RunTime:0.0000s ]
SQL: UPDATE `knowledge` SET `zan_member_id`='',`zan_member_name`='' WHERE ( id=5 ) [ RunTime:0.0010s ]
INFO: [ app_end ] --START--
INFO: Run Behavior\ShowPageTraceBehavior [ RunTime:0.001000s ]
INFO: [ app_end ] --END-- [ RunTime:0.001000s ]

[ 2017-04-19T17:32:00+08:00 ] 127.0.0.1 /index.php/Home/Index/saveZan.html
INFO: [ app_begin ] --START--
INFO: Run Behavior\ReadHtmlCacheBehavior [ RunTime:0.001000s ]
INFO: [ app_begin ] --END-- [ RunTime:0.002000s ]
SQL: SHOW COLUMNS FROM `user` [ RunTime:0.0030s ]
SQL: SELECT `name` FROM `user` WHERE ( id=1 ) LIMIT 1   [ RunTime:0.0010s ]
SQL: SHOW COLUMNS FROM `knowledge` [ RunTime:0.0030s ]
SQL: SELECT * FROM `knowledge` WHERE ( id=5 ) LIMIT 1   [ RunTime:0.0010s ]
SQL: UPDATE `knowledge` SET `zan_member_name`='xcm',`zan_member_id`='1' WHERE ( id=5 ) [ RunTime:0.0010s ]
INFO: [ app_end ] --START--
INFO: Run Behavior\ShowPageTraceBehavior [ RunTime:0.001000s ]
INFO: [ app_end ] --END-- [ RunTime:0.001000s ]

[ 2017-04-19T17:32:02+08:00 ] 127.0.0.1 /index.php/Home/Index/jianZan.html
INFO: [ app_begin ] --START--
INFO: Run Behavior\ReadHtmlCacheBehavior [ RunTime:0.001000s ]
INFO: [ app_begin ] --END-- [ RunTime:0.001000s ]
SQL: SHOW COLUMNS FROM `knowledge` [ RunTime:0.0030s ]
SQL: SELECT * FROM `knowledge` WHERE ( id=5 ) LIMIT 1   [ RunTime:0.0000s ]
SQL: UPDATE `knowledge` SET `zan_member_id`='',`zan_member_name`='' WHERE ( id=5 ) [ RunTime:0.0010s ]
INFO: [ app_end ] --START--
INFO: Run Behavior\ShowPageTraceBehavior [ RunTime:0.000000s ]
INFO: [ app_end ] --END-- [ RunTime:0.001000s ]

[ 2017-04-19T17:32:02+08:00 ] 127.0.0.1 /index.php/Home/Index/saveZan.html
INFO: [ app_begin ] --START--
INFO: Run Behavior\ReadHtmlCacheBehavior [ RunTime:0.001000s ]
INFO: [ app_begin ] --END-- [ RunTime:0.002000s ]
SQL: SHOW COLUMNS FROM `user` [ RunTime:0.0030s ]
SQL: SELECT `name` FROM `user` WHERE ( id=1 ) LIMIT 1   [ RunTime:0.0000s ]
SQL: SHOW COLUMNS FROM `knowledge` [ RunTime:0.0020s ]
SQL: SELECT * FROM `knowledge` WHERE ( id=5 ) LIMIT 1   [ RunTime:0.0000s ]
SQL: UPDATE `knowledge` SET `zan_member_name`='xcm',`zan_member_id`='1' WHERE ( id=5 ) [ RunTime:0.0000s ]
INFO: [ app_end ] --START--
INFO: Run Behavior\ShowPageTraceBehavior [ RunTime:0.000000s ]
INFO: [ app_end ] --END-- [ RunTime:0.002000s ]

[ 2017-04-19T17:32:06+08:00 ] 127.0.0.1 /index.php/Home/Index/jianZan.html
INFO: [ app_begin ] --START--
INFO: Run Behavior\ReadHtmlCacheBehavior [ RunTime:0.001000s ]
INFO: [ app_begin ] --END-- [ RunTime:0.002000s ]
SQL: SHOW COLUMNS FROM `knowledge` [ RunTime:0.0040s ]
SQL: SELECT * FROM `knowledge` WHERE ( id=5 ) LIMIT 1   [ RunTime:0.0010s ]
SQL: UPDATE `knowledge` SET `zan_member_id`='',`zan_member_name`='' WHERE ( id=5 ) [ RunTime:0.0000s ]
INFO: [ app_end ] --START--
INFO: Run Behavior\ShowPageTraceBehavior [ RunTime:0.000000s ]
INFO: [ app_end ] --END-- [ RunTime:0.002000s ]

[ 2017-04-19T17:32:07+08:00 ] 127.0.0.1 /index.php/Home/Index/saveZan.html
INFO: [ app_begin ] --START--
INFO: Run Behavior\ReadHtmlCacheBehavior [ RunTime:0.001000s ]
INFO: [ app_begin ] --END-- [ RunTime:0.003000s ]
SQL: SHOW COLUMNS FROM `user` [ RunTime:0.0030s ]
SQL: SELECT `name` FROM `user` WHERE ( id=1 ) LIMIT 1   [ RunTime:0.0010s ]
SQL: SHOW COLUMNS FROM `knowledge` [ RunTime:0.0040s ]
SQL: SELECT * FROM `knowledge` WHERE ( id=5 ) LIMIT 1   [ RunTime:0.0000s ]
SQL: UPDATE `knowledge` SET `zan_member_name`='xcm',`zan_member_id`='1' WHERE ( id=5 ) [ RunTime:0.0010s ]
INFO: [ app_end ] --START--
INFO: Run Behavior\ShowPageTraceBehavior [ RunTime:0.000000s ]
INFO: [ app_end ] --END-- [ RunTime:0.001000s ]

[ 2017-04-19T17:32:12+08:00 ] 127.0.0.1 /index.php/Home/Index/jianZan.html
INFO: [ app_begin ] --START--
INFO: Run Behavior\ReadHtmlCacheBehavior [ RunTime:0.001000s ]
INFO: [ app_begin ] --END-- [ RunTime:0.002000s ]
SQL: SHOW COLUMNS FROM `knowledge` [ RunTime:0.0040s ]
SQL: SELECT * FROM `knowledge` WHERE ( id=5 ) LIMIT 1   [ RunTime:0.0010s ]
SQL: UPDATE `knowledge` SET `zan_member_id`='',`zan_member_name`='' WHERE ( id=5 ) [ RunTime:0.0010s ]
INFO: [ app_end ] --START--
INFO: Run Behavior\ShowPageTraceBehavior [ RunTime:0.001000s ]
INFO: [ app_end ] --END-- [ RunTime:0.001000s ]

[ 2017-04-19T17:32:13+08:00 ] 127.0.0.1 /index.php/Home/Index/saveZan.html
INFO: [ app_begin ] --START--
INFO: Run Behavior\ReadHtmlCacheBehavior [ RunTime:0.001000s ]
INFO: [ app_begin ] --END-- [ RunTime:0.002000s ]
SQL: SHOW COLUMNS FROM `user` [ RunTime:0.0030s ]
SQL: SELECT `name` FROM `user` WHERE ( id=1 ) LIMIT 1   [ RunTime:0.0000s ]
SQL: SHOW COLUMNS FROM `knowledge` [ RunTime:0.0050s ]
SQL: SELECT * FROM `knowledge` WHERE ( id=5 ) LIMIT 1   [ RunTime:0.0010s ]
SQL: UPDATE `knowledge` SET `zan_member_name`='xcm',`zan_member_id`='1' WHERE ( id=5 ) [ RunTime:0.0010s ]
INFO: [ app_end ] --START--
INFO: Run Behavior\ShowPageTraceBehavior [ RunTime:0.000000s ]
INFO: [ app_end ] --END-- [ RunTime:0.002000s ]

[ 2017-04-19T17:32:13+08:00 ] 127.0.0.1 /index.php/Home/Index/jianZan.html
INFO: [ app_begin ] --START--
INFO: Run Behavior\ReadHtmlCacheBehavior [ RunTime:0.000000s ]
INFO: [ app_begin ] --END-- [ RunTime:0.002000s ]
SQL: SHOW COLUMNS FROM `knowledge` [ RunTime:0.0030s ]
SQL: SELECT * FROM `knowledge` WHERE ( id=5 ) LIMIT 1   [ RunTime:0.0010s ]
SQL: UPDATE `knowledge` SET `zan_member_id`='',`zan_member_name`='' WHERE ( id=5 ) [ RunTime:0.0010s ]
INFO: [ app_end ] --START--
INFO: Run Behavior\ShowPageTraceBehavior [ RunTime:0.001000s ]
INFO: [ app_end ] --END-- [ RunTime:0.001000s ]

[ 2017-04-19T17:32:14+08:00 ] 127.0.0.1 /index.php/Home/Index/saveZan.html
INFO: [ app_begin ] --START--
INFO: Run Behavior\ReadHtmlCacheBehavior [ RunTime:0.000000s ]
INFO: [ app_begin ] --END-- [ RunTime:0.002000s ]
SQL: SHOW COLUMNS FROM `user` [ RunTime:0.0030s ]
SQL: SELECT `name` FROM `user` WHERE ( id=1 ) LIMIT 1   [ RunTime:0.0000s ]
SQL: SHOW COLUMNS FROM `knowledge` [ RunTime:0.0040s ]
SQL: SELECT * FROM `knowledge` WHERE ( id=5 ) LIMIT 1   [ RunTime:0.0010s ]
SQL: UPDATE `knowledge` SET `zan_member_name`='xcm',`zan_member_id`='1' WHERE ( id=5 ) [ RunTime:0.0000s ]
INFO: [ app_end ] --START--
INFO: Run Behavior\ShowPageTraceBehavior [ RunTime:0.001000s ]
INFO: [ app_end ] --END-- [ RunTime:0.001000s ]

[ 2017-04-19T17:32:14+08:00 ] 127.0.0.1 /index.php/Home/Index/jianZan.html
INFO: [ app_begin ] --START--
INFO: Run Behavior\ReadHtmlCacheBehavior [ RunTime:0.001000s ]
INFO: [ app_begin ] --END-- [ RunTime:0.002000s ]
SQL: SHOW COLUMNS FROM `knowledge` [ RunTime:0.0030s ]
SQL: SELECT * FROM `knowledge` WHERE ( id=5 ) LIMIT 1   [ RunTime:0.0000s ]
SQL: UPDATE `knowledge` SET `zan_member_id`='',`zan_member_name`='' WHERE ( id=5 ) [ RunTime:0.0000s ]
INFO: [ app_end ] --START--
INFO: Run Behavior\ShowPageTraceBehavior [ RunTime:0.001000s ]
INFO: [ app_end ] --END-- [ RunTime:0.001000s ]

[ 2017-04-19T17:32:15+08:00 ] 127.0.0.1 /index.php/Home/Index/saveZan.html
INFO: [ app_begin ] --START--
INFO: Run Behavior\ReadHtmlCacheBehavior [ RunTime:0.001000s ]
INFO: [ app_begin ] --END-- [ RunTime:0.001000s ]
SQL: SHOW COLUMNS FROM `user` [ RunTime:0.0040s ]
SQL: SELECT `name` FROM `user` WHERE ( id=1 ) LIMIT 1   [ RunTime:0.0010s ]
SQL: SHOW COLUMNS FROM `knowledge` [ RunTime:0.0040s ]
SQL: SELECT * FROM `knowledge` WHERE ( id=5 ) LIMIT 1   [ RunTime:0.0010s ]
SQL: UPDATE `knowledge` SET `zan_member_name`='xcm',`zan_member_id`='1' WHERE ( id=5 ) [ RunTime:0.0010s ]
INFO: [ app_end ] --START--
INFO: Run Behavior\ShowPageTraceBehavior [ RunTime:0.000000s ]
INFO: [ app_end ] --END-- [ RunTime:0.002000s ]

[ 2017-04-19T17:32:15+08:00 ] 127.0.0.1 /index.php/Home/Index/jianZan.html
INFO: [ app_begin ] --START--
INFO: Run Behavior\ReadHtmlCacheBehavior [ RunTime:0.001000s ]
INFO: [ app_begin ] --END-- [ RunTime:0.001000s ]
SQL: SHOW COLUMNS FROM `knowledge` [ RunTime:0.0030s ]
SQL: SELECT * FROM `knowledge` WHERE ( id=5 ) LIMIT 1   [ RunTime:0.0010s ]
SQL: UPDATE `knowledge` SET `zan_member_id`='',`zan_member_name`='' WHERE ( id=5 ) [ RunTime:0.0000s ]
INFO: [ app_end ] --START--
INFO: Run Behavior\ShowPageTraceBehavior [ RunTime:0.001000s ]
INFO: [ app_end ] --END-- [ RunTime:0.001000s ]

[ 2017-04-19T17:32:15+08:00 ] 127.0.0.1 /index.php/Home/Index/saveZan.html
INFO: [ app_begin ] --START--
INFO: Run Behavior\ReadHtmlCacheBehavior [ RunTime:0.001000s ]
INFO: [ app_begin ] --END-- [ RunTime:0.003000s ]
SQL: SHOW COLUMNS FROM `user` [ RunTime:0.0030s ]
SQL: SELECT `name` FROM `user` WHERE ( id=1 ) LIMIT 1   [ RunTime:0.0000s ]
SQL: SHOW COLUMNS FROM `knowledge` [ RunTime:0.0030s ]
SQL: SELECT * FROM `knowledge` WHERE ( id=5 ) LIMIT 1   [ RunTime:0.0010s ]
SQL: UPDATE `knowledge` SET `zan_member_name`='xcm',`zan_member_id`='1' WHERE ( id=5 ) [ RunTime:0.0010s ]
INFO: [ app_end ] --START--
INFO: Run Behavior\ShowPageTraceBehavior [ RunTime:0.001000s ]
INFO: [ app_end ] --END-- [ RunTime:0.001000s ]

[ 2017-04-19T17:32:41+08:00 ] 127.0.0.1 /index.php/Home/Index/jianZan.html
INFO: [ app_begin ] --START--
INFO: Run Behavior\ReadHtmlCacheBehavior [ RunTime:0.001000s ]
INFO: [ app_begin ] --END-- [ RunTime:0.002000s ]
SQL: SHOW COLUMNS FROM `knowledge` [ RunTime:0.0040s ]
SQL: SELECT * FROM `knowledge` WHERE ( id=5 ) LIMIT 1   [ RunTime:0.0000s ]
SQL: UPDATE `knowledge` SET `zan_member_id`='',`zan_member_name`='' WHERE ( id=5 ) [ RunTime:0.0010s ]
INFO: [ app_end ] --START--
INFO: Run Behavior\ShowPageTraceBehavior [ RunTime:0.001000s ]
INFO: [ app_end ] --END-- [ RunTime:0.002000s ]

[ 2017-04-19T17:32:42+08:00 ] 127.0.0.1 /index.php/Home/Index/saveZan.html
INFO: [ app_begin ] --START--
INFO: Run Behavior\ReadHtmlCacheBehavior [ RunTime:0.000000s ]
INFO: [ app_begin ] --END-- [ RunTime:0.002000s ]
SQL: SHOW COLUMNS FROM `user` [ RunTime:0.0040s ]
SQL: SELECT `name` FROM `user` WHERE ( id=1 ) LIMIT 1   [ RunTime:0.0010s ]
SQL: SHOW COLUMNS FROM `knowledge` [ RunTime:0.0030s ]
SQL: SELECT * FROM `knowledge` WHERE ( id=5 ) LIMIT 1   [ RunTime:0.0000s ]
SQL: UPDATE `knowledge` SET `zan_member_name`='xcm',`zan_member_id`='1' WHERE ( id=5 ) [ RunTime:0.0010s ]
INFO: [ app_end ] --START--
INFO: Run Behavior\ShowPageTraceBehavior [ RunTime:0.001000s ]
INFO: [ app_end ] --END-- [ RunTime:0.002000s ]

[ 2017-04-19T17:32:42+08:00 ] 127.0.0.1 /index.php/Home/Index/jianZan.html
INFO: [ app_begin ] --START--
INFO: Run Behavior\ReadHtmlCacheBehavior [ RunTime:0.000000s ]
INFO: [ app_begin ] --END-- [ RunTime:0.002000s ]
SQL: SHOW COLUMNS FROM `knowledge` [ RunTime:0.0030s ]
SQL: SELECT * FROM `knowledge` WHERE ( id=5 ) LIMIT 1   [ RunTime:0.0010s ]
SQL: UPDATE `knowledge` SET `zan_member_id`='',`zan_member_name`='' WHERE ( id=5 ) [ RunTime:0.0000s ]
INFO: [ app_end ] --START--
INFO: Run Behavior\ShowPageTraceBehavior [ RunTime:0.001000s ]
INFO: [ app_end ] --END-- [ RunTime:0.003000s ]

[ 2017-04-19T17:32:42+08:00 ] 127.0.0.1 /index.php/Home/Index/saveZan.html
INFO: [ app_begin ] --START--
INFO: Run Behavior\ReadHtmlCacheBehavior [ RunTime:0.000000s ]
INFO: [ app_begin ] --END-- [ RunTime:0.002000s ]
SQL: SHOW COLUMNS FROM `user` [ RunTime:0.0040s ]
SQL: SELECT `name` FROM `user` WHERE ( id=1 ) LIMIT 1   [ RunTime:0.0000s ]
SQL: SHOW COLUMNS FROM `knowledge` [ RunTime:0.0030s ]
SQL: SELECT * FROM `knowledge` WHERE ( id=5 ) LIMIT 1   [ RunTime:0.0010s ]
SQL: UPDATE `knowledge` SET `zan_member_name`='xcm',`zan_member_id`='1' WHERE ( id=5 ) [ RunTime:0.0010s ]
INFO: [ app_end ] --START--
INFO: Run Behavior\ShowPageTraceBehavior [ RunTime:0.001000s ]
INFO: [ app_end ] --END-- [ RunTime:0.001000s ]

[ 2017-04-19T17:33:14+08:00 ] 127.0.0.1 /index.php/Home/Index/jianZan.html
INFO: [ app_begin ] --START--
INFO: Run Behavior\ReadHtmlCacheBehavior [ RunTime:0.001000s ]
INFO: [ app_begin ] --END-- [ RunTime:0.002000s ]
SQL: SHOW COLUMNS FROM `knowledge` [ RunTime:0.0040s ]
SQL: SELECT * FROM `knowledge` WHERE ( id=5 ) LIMIT 1   [ RunTime:0.0010s ]
SQL: UPDATE `knowledge` SET `zan_member_id`='',`zan_member_name`='' WHERE ( id=5 ) [ RunTime:0.0010s ]
INFO: [ app_end ] --START--
INFO: Run Behavior\ShowPageTraceBehavior [ RunTime:0.001000s ]
INFO: [ app_end ] --END-- [ RunTime:0.002000s ]

[ 2017-04-19T17:33:14+08:00 ] 127.0.0.1 /index.php/Home/Index/saveZan.html
INFO: [ app_begin ] --START--
INFO: Run Behavior\ReadHtmlCacheBehavior [ RunTime:0.001000s ]
INFO: [ app_begin ] --END-- [ RunTime:0.001000s ]
SQL: SHOW COLUMNS FROM `user` [ RunTime:0.0020s ]
SQL: SELECT `name` FROM `user` WHERE ( id=1 ) LIMIT 1   [ RunTime:0.0010s ]
SQL: SHOW COLUMNS FROM `knowledge` [ RunTime:0.0040s ]
SQL: SELECT * FROM `knowledge` WHERE ( id=5 ) LIMIT 1   [ RunTime:0.0010s ]
SQL: UPDATE `knowledge` SET `zan_member_name`='xcm',`zan_member_id`='1' WHERE ( id=5 ) [ RunTime:0.0000s ]
INFO: [ app_end ] --START--
INFO: Run Behavior\ShowPageTraceBehavior [ RunTime:0.001000s ]
INFO: [ app_end ] --END-- [ RunTime:0.001000s ]

[ 2017-04-19T17:33:15+08:00 ] 127.0.0.1 /index.php/Home/Index/jianZan.html
INFO: [ app_begin ] --START--
INFO: Run Behavior\ReadHtmlCacheBehavior [ RunTime:0.000000s ]
INFO: [ app_begin ] --END-- [ RunTime:0.001000s ]
SQL: SHOW COLUMNS FROM `knowledge` [ RunTime:0.0040s ]
SQL: SELECT * FROM `knowledge` WHERE ( id=5 ) LIMIT 1   [ RunTime:0.0000s ]
SQL: UPDATE `knowledge` SET `zan_member_id`='',`zan_member_name`='' WHERE ( id=5 ) [ RunTime:0.0000s ]
INFO: [ app_end ] --START--
INFO: Run Behavior\ShowPageTraceBehavior [ RunTime:0.001000s ]
INFO: [ app_end ] --END-- [ RunTime:0.001000s ]

[ 2017-04-19T17:33:15+08:00 ] 127.0.0.1 /index.php/Home/Index/saveZan.html
INFO: [ app_begin ] --START--
INFO: Run Behavior\ReadHtmlCacheBehavior [ RunTime:0.002000s ]
INFO: [ app_begin ] --END-- [ RunTime:0.002000s ]
SQL: SHOW COLUMNS FROM `user` [ RunTime:0.0030s ]
SQL: SELECT `name` FROM `user` WHERE ( id=1 ) LIMIT 1   [ RunTime:0.0020s ]
SQL: SHOW COLUMNS FROM `knowledge` [ RunTime:0.0040s ]
SQL: SELECT * FROM `knowledge` WHERE ( id=5 ) LIMIT 1   [ RunTime:0.0000s ]
SQL: UPDATE `knowledge` SET `zan_member_name`='xcm',`zan_member_id`='1' WHERE ( id=5 ) [ RunTime:0.0010s ]
INFO: [ app_end ] --START--
INFO: Run Behavior\ShowPageTraceBehavior [ RunTime:0.001000s ]
INFO: [ app_end ] --END-- [ RunTime:0.001000s ]

[ 2017-04-19T17:33:16+08:00 ] 127.0.0.1 /index.php/Home/Index/jianZan.html
INFO: [ app_begin ] --START--
INFO: Run Behavior\ReadHtmlCacheBehavior [ RunTime:0.001000s ]
INFO: [ app_begin ] --END-- [ RunTime:0.002000s ]
SQL: SHOW COLUMNS FROM `knowledge` [ RunTime:0.0040s ]
SQL: SELECT * FROM `knowledge` WHERE ( id=5 ) LIMIT 1   [ RunTime:0.0000s ]
SQL: UPDATE `knowledge` SET `zan_member_id`='',`zan_member_name`='' WHERE ( id=5 ) [ RunTime:0.0010s ]
INFO: [ app_end ] --START--
INFO: Run Behavior\ShowPageTraceBehavior [ RunTime:0.001000s ]
INFO: [ app_end ] --END-- [ RunTime:0.001000s ]

[ 2017-04-19T17:33:17+08:00 ] 127.0.0.1 /index.php/Home/Index/saveZan.html
INFO: [ app_begin ] --START--
INFO: Run Behavior\ReadHtmlCacheBehavior [ RunTime:0.001000s ]
INFO: [ app_begin ] --END-- [ RunTime:0.002000s ]
SQL: SHOW COLUMNS FROM `user` [ RunTime:0.0040s ]
SQL: SELECT `name` FROM `user` WHERE ( id=1 ) LIMIT 1   [ RunTime:0.0000s ]
SQL: SHOW COLUMNS FROM `knowledge` [ RunTime:0.0030s ]
SQL: SELECT * FROM `knowledge` WHERE ( id=5 ) LIMIT 1   [ RunTime:0.0010s ]
SQL: UPDATE `knowledge` SET `zan_member_name`='xcm',`zan_member_id`='1' WHERE ( id=5 ) [ RunTime:0.0020s ]
INFO: [ app_end ] --START--
INFO: Run Behavior\ShowPageTraceBehavior [ RunTime:0.001000s ]
INFO: [ app_end ] --END-- [ RunTime:0.001000s ]

[ 2017-04-19T17:33:42+08:00 ] 127.0.0.1 /index.php/Home/Index/addSay.html
INFO: [ app_begin ] --START--
INFO: Run Behavior\ReadHtmlCacheBehavior [ RunTime:0.001000s ]
INFO: [ app_begin ] --END-- [ RunTime:0.002000s ]
SQL: SHOW COLUMNS FROM `user` [ RunTime:0.0040s ]
SQL: SELECT `name` FROM `user` WHERE ( id=1 ) LIMIT 1   [ RunTime:0.0000s ]
SQL: SHOW COLUMNS FROM `sayknowledge` [ RunTime:0.0040s ]
SQL: INSERT INTO `sayknowledge` (`say_info`,`say_member_id`,`knowledge_id`,`create_time`,`say_member_name`) VALUES ('写得搓哦','1','5','2017-04-19 05:42:33','xcm') [ RunTime:0.0010s ]

[ 2017-04-19T17:38:09+08:00 ] 127.0.0.1 /index.php/Home/Index/saveZan.html
INFO: [ app_begin ] --START--
INFO: Run Behavior\ReadHtmlCacheBehavior [ RunTime:0.000000s ]
INFO: [ app_begin ] --END-- [ RunTime:0.002000s ]
SQL: SHOW COLUMNS FROM `user` [ RunTime:0.0040s ]
SQL: SELECT `name` FROM `user` WHERE ( id=1 ) LIMIT 1   [ RunTime:0.0010s ]
SQL: SHOW COLUMNS FROM `knowledge` [ RunTime:0.0050s ]
SQL: SELECT * FROM `knowledge` WHERE ( id=6 ) LIMIT 1   [ RunTime:0.0010s ]
SQL: UPDATE `knowledge` SET `zan_member_name`='xcm',`zan_member_id`='1' WHERE ( id=6 ) [ RunTime:0.0010s ]
INFO: [ app_end ] --START--
INFO: Run Behavior\ShowPageTraceBehavior [ RunTime:0.001000s ]
INFO: [ app_end ] --END-- [ RunTime:0.002000s ]

[ 2017-04-19T17:38:21+08:00 ] 127.0.0.1 /index.php/Home/Index/jianZan.html
INFO: [ app_begin ] --START--
INFO: Run Behavior\ReadHtmlCacheBehavior [ RunTime:0.001000s ]
INFO: [ app_begin ] --END-- [ RunTime:0.002000s ]
SQL: SHOW COLUMNS FROM `knowledge` [ RunTime:0.0050s ]
SQL: SELECT * FROM `knowledge` WHERE ( id=6 ) LIMIT 1   [ RunTime:0.0010s ]
SQL: UPDATE `knowledge` SET `zan_member_id`='',`zan_member_name`='' WHERE ( id=6 ) [ RunTime:0.0010s ]
INFO: [ app_end ] --START--
INFO: Run Behavior\ShowPageTraceBehavior [ RunTime:0.000000s ]
INFO: [ app_end ] --END-- [ RunTime:0.002000s ]

[ 2017-04-19T17:38:21+08:00 ] 127.0.0.1 /index.php/Home/Index/saveZan.html
INFO: [ app_begin ] --START--
INFO: Run Behavior\ReadHtmlCacheBehavior [ RunTime:0.001000s ]
INFO: [ app_begin ] --END-- [ RunTime:0.002000s ]
SQL: SHOW COLUMNS FROM `user` [ RunTime:0.0050s ]
SQL: SELECT `name` FROM `user` WHERE ( id=1 ) LIMIT 1   [ RunTime:0.0010s ]
SQL: SHOW COLUMNS FROM `knowledge` [ RunTime:0.0040s ]
SQL: SELECT * FROM `knowledge` WHERE ( id=6 ) LIMIT 1   [ RunTime:0.0020s ]
SQL: UPDATE `knowledge` SET `zan_member_name`='xcm',`zan_member_id`='1' WHERE ( id=6 ) [ RunTime:0.0010s ]
INFO: [ app_end ] --START--
INFO: Run Behavior\ShowPageTraceBehavior [ RunTime:0.001000s ]
INFO: [ app_end ] --END-- [ RunTime:0.002000s ]

[ 2017-04-19T17:38:26+08:00 ] 127.0.0.1 /index.php/Home/Index/jianZan.html
INFO: [ app_begin ] --START--
INFO: Run Behavior\ReadHtmlCacheBehavior [ RunTime:0.000000s ]
INFO: [ app_begin ] --END-- [ RunTime:0.002000s ]
SQL: SHOW COLUMNS FROM `knowledge` [ RunTime:0.0040s ]
SQL: SELECT * FROM `knowledge` WHERE ( id=6 ) LIMIT 1   [ RunTime:0.0010s ]
SQL: UPDATE `knowledge` SET `zan_member_id`='',`zan_member_name`='' WHERE ( id=6 ) [ RunTime:0.0010s ]
INFO: [ app_end ] --START--
INFO: Run Behavior\ShowPageTraceBehavior [ RunTime:0.000000s ]
INFO: [ app_end ] --END-- [ RunTime:0.002000s ]

[ 2017-04-19T17:38:32+08:00 ] 127.0.0.1 /index.php/Home/Index/saveZan.html
INFO: [ app_begin ] --START--
INFO: Run Behavior\ReadHtmlCacheBehavior [ RunTime:0.001000s ]
INFO: [ app_begin ] --END-- [ RunTime:0.001000s ]
SQL: SHOW COLUMNS FROM `user` [ RunTime:0.0040s ]
SQL: SELECT `name` FROM `user` WHERE ( id=1 ) LIMIT 1   [ RunTime:0.0010s ]
SQL: SHOW COLUMNS FROM `knowledge` [ RunTime:0.0040s ]
SQL: SELECT * FROM `knowledge` WHERE ( id=6 ) LIMIT 1   [ RunTime:0.0010s ]
SQL: UPDATE `knowledge` SET `zan_member_name`='xcm',`zan_member_id`='1' WHERE ( id=6 ) [ RunTime:0.0010s ]
INFO: [ app_end ] --START--
INFO: Run Behavior\ShowPageTraceBehavior [ RunTime:0.001000s ]
INFO: [ app_end ] --END-- [ RunTime:0.002000s ]

[ 2017-04-19T18:25:53+08:00 ] 127.0.0.1 /index.php/Home/Index/jianZan.html
INFO: [ app_begin ] --START--
INFO: Run Behavior\ReadHtmlCacheBehavior [ RunTime:0.001000s ]
INFO: [ app_begin ] --END-- [ RunTime:0.003000s ]
SQL: SHOW COLUMNS FROM `knowledge` [ RunTime:0.0040s ]
SQL: SELECT * FROM `knowledge` WHERE ( id=6 ) LIMIT 1   [ RunTime:0.0010s ]
SQL: UPDATE `knowledge` SET `zan_member_id`='',`zan_member_name`='' WHERE ( id=6 ) [ RunTime:0.0010s ]
INFO: [ app_end ] --START--
INFO: Run Behavior\ShowPageTraceBehavior [ RunTime:0.001000s ]
INFO: [ app_end ] --END-- [ RunTime:0.002000s ]

[ 2017-04-19T18:25:53+08:00 ] 127.0.0.1 /index.php/Home/Index/saveZan.html
INFO: [ app_begin ] --START--
INFO: Run Behavior\ReadHtmlCacheBehavior [ RunTime:0.001000s ]
INFO: [ app_begin ] --END-- [ RunTime:0.002000s ]
SQL: SHOW COLUMNS FROM `user` [ RunTime:0.0040s ]
SQL: SELECT `name` FROM `user` WHERE ( id=1 ) LIMIT 1   [ RunTime:0.0010s ]
SQL: SHOW COLUMNS FROM `knowledge` [ RunTime:0.0030s ]
SQL: SELECT * FROM `knowledge` WHERE ( id=6 ) LIMIT 1   [ RunTime:0.0000s ]
SQL: UPDATE `knowledge` SET `zan_member_name`='xcm',`zan_member_id`='1' WHERE ( id=6 ) [ RunTime:0.0010s ]
INFO: [ app_end ] --START--
INFO: Run Behavior\ShowPageTraceBehavior [ RunTime:0.001000s ]
INFO: [ app_end ] --END-- [ RunTime:0.002000s ]

